TN:
SF:/Users/kpoorman/Documents/mmProjects/ngtraining/resource-bundles/ng.resource/demoApp/specs/example.unit.spec.js
FN:4,(anonymous_1)
FN:8,(anonymous_2)
FN:13,(anonymous_3)
FN:17,(anonymous_4)
FN:21,(anonymous_5)
FN:27,(anonymous_6)
FNF:6
FNH:0
FNDA:0,(anonymous_1)
FNDA:0,(anonymous_2)
FNDA:0,(anonymous_3)
FNDA:0,(anonymous_4)
FNDA:0,(anonymous_5)
FNDA:0,(anonymous_6)
DA:1,1
DA:2,0
DA:4,0
DA:6,0
DA:7,0
DA:9,0
DA:13,0
DA:14,0
DA:17,0
DA:18,0
DA:21,0
DA:22,0
DA:23,0
DA:27,0
DA:28,0
LF:15
LH:1
BRF:0
BRH:0
end_of_record
TN:
SF:/Users/kpoorman/Documents/mmProjects/ngtraining/resource-bundles/ng.resource/demoApp/specs/spec_helper.js
FN:12,(anonymous_1)
FN:17,(anonymous_2)
FNF:2
FNH:0
FNDA:0,(anonymous_1)
FNDA:0,(anonymous_2)
DA:1,1
DA:2,0
DA:5,0
DA:6,0
DA:7,0
DA:8,0
DA:10,0
DA:12,0
DA:14,0
DA:17,0
DA:19,0
DA:22,0
LF:12
LH:1
BRF:0
BRH:0
end_of_record
TN:
SF:/Users/kpoorman/Documents/mmProjects/ngtraining/resource-bundles/ng.resource/demoApp/lib/angular.min.js
FN:6,(anonymous_1)
FN:6,v
FN:6,(anonymous_3)
FN:6,db
FN:7,q
FN:7,Vb
FN:7,Tc
FN:8,Wb
FN:8,(anonymous_9)
FN:8,eb
FN:8,Xb
FN:8,E
FN:8,(anonymous_13)
FN:8,(anonymous_14)
FN:8,Z
FN:9,Yb
FN:9,(anonymous_17)
FN:9,A
FN:9,Fa
FN:9,$
FN:9,(anonymous_21)
FN:9,D
FN:9,B
FN:9,U
FN:9,y
FN:9,xb
FN:9,Oa
FN:9,O
FN:9,fb
FN:10,Ea
FN:10,Uc
FN:10,Vc
FN:10,(anonymous_33)
FN:10,Pa
FN:10,Qa
FN:10,Ga
FN:11,(anonymous_37)
FN:11,la
FN:12,ya
FN:13,Zb
FN:13,zb
FN:13,(anonymous_42)
FN:14,(anonymous_43)
FN:14,Wc
FN:14,sa
FN:14,$b
FN:14,Sa
FN:15,ga
FN:15,(anonymous_49)
FN:15,ac
FN:15,bc
FN:15,(anonymous_52)
FN:16,Ab
FN:16,(anonymous_54)
FN:16,(anonymous_55)
FN:16,gb
FN:16,Aa
FN:16,Xc
FN:16,c
FN:17,(anonymous_60)
FN:17,(anonymous_61)
FN:17,(anonymous_62)
FN:17,cc
FN:17,(anonymous_64)
FN:18,(anonymous_65)
FN:18,(anonymous_66)
FN:18,(anonymous_67)
FN:18,(anonymous_68)
FN:18,(anonymous_69)
FN:18,hb
FN:18,(anonymous_71)
FN:19,Bb
FN:19,Ua
FN:19,Ba
FN:19,ec
FN:19,Cb
FN:20,Zc
FN:20,(anonymous_78)
FN:20,(anonymous_79)
FN:20,(anonymous_80)
FN:20,b
FN:20,(anonymous_82)
FN:21,(anonymous_83)
FN:21,$c
FN:22,(anonymous_85)
FN:24,Wa
FN:24,(anonymous_87)
FN:24,Eb
FN:24,e
FN:25,S
FN:26,Ib
FN:27,Ia
FN:27,lc
FN:27,(anonymous_94)
FN:27,(anonymous_95)
FN:27,kc
FN:27,ma
FN:28,mc
FN:28,Jb
FN:28,ib
FN:28,(anonymous_101)
FN:29,jb
FN:29,(anonymous_103)
FN:29,Hb
FN:29,nc
FN:29,kb
FN:30,oc
FN:30,pc
FN:30,oe
FN:30,(anonymous_110)
FN:30,(anonymous_111)
FN:30,(anonymous_112)
FN:31,(anonymous_113)
FN:31,(anonymous_114)
FN:31,(anonymous_115)
FN:31,Ja
FN:32,Za
FN:32,(anonymous_118)
FN:32,rc
FN:32,(anonymous_120)
FN:32,(anonymous_121)
FN:32,dc
FN:32,a
FN:32,(anonymous_124)
FN:33,c
FN:33,d
FN:33,e
FN:33,(anonymous_128)
FN:34,g
FN:34,c
FN:34,d
FN:35,(anonymous_132)
FN:35,(anonymous_133)
FN:35,(anonymous_134)
FN:35,(anonymous_135)
FN:35,(anonymous_136)
FN:35,(anonymous_137)
FN:35,(anonymous_138)
FN:36,(anonymous_139)
FN:36,(anonymous_140)
FN:36,(anonymous_141)
FN:36,(anonymous_142)
FN:36,(anonymous_143)
FN:36,Ld
FN:36,(anonymous_145)
FN:36,(anonymous_146)
FN:36,e
FN:37,(anonymous_148)
FN:37,g
FN:37,(anonymous_150)
FN:37,(anonymous_151)
FN:37,he
FN:37,(anonymous_153)
FN:37,(anonymous_154)
FN:37,(anonymous_155)
FN:37,te
FN:37,e
FN:38,g
FN:38,ba
FN:38,(anonymous_160)
FN:38,f
FN:38,(anonymous_162)
FN:38,(anonymous_163)
FN:38,(anonymous_164)
FN:38,(anonymous_165)
FN:39,(anonymous_166)
FN:39,(anonymous_167)
FN:39,(anonymous_168)
FN:40,(anonymous_169)
FN:40,(anonymous_170)
FN:41,(anonymous_171)
FN:41,(anonymous_172)
FN:41,(anonymous_173)
FN:41,Nd
FN:41,(anonymous_175)
FN:41,Od
FN:41,(anonymous_177)
FN:41,b
FN:41,e
FN:42,g
FN:42,(anonymous_181)
FN:42,(anonymous_182)
FN:42,(anonymous_183)
FN:43,(anonymous_184)
FN:43,(anonymous_185)
FN:43,(anonymous_186)
FN:43,(anonymous_187)
FN:43,(anonymous_188)
FN:43,(anonymous_189)
FN:43,de
FN:43,(anonymous_191)
FN:43,fc
FN:44,m
FN:44,(anonymous_194)
FN:44,(anonymous_195)
FN:45,(anonymous_196)
FN:45,(anonymous_197)
FN:45,(anonymous_198)
FN:45,z
FN:46,(anonymous_200)
FN:46,(anonymous_201)
FN:46,(anonymous_202)
FN:46,ha
FN:46,N
FN:46,f
FN:48,M
FN:48,(anonymous_207)
FN:48,(anonymous_208)
FN:48,ca
FN:50,C
FN:50,G
FN:50,(anonymous_212)
FN:50,H
FN:50,w
FN:51,J
FN:51,(anonymous_216)
FN:51,K
FN:51,w
FN:52,(anonymous_219)
FN:52,(anonymous_220)
FN:53,(anonymous_221)
FN:53,(anonymous_222)
FN:53,(anonymous_223)
FN:53,(anonymous_224)
FN:53,(anonymous_225)
FN:58,sc
FN:58,ba
FN:58,B
FN:59,(anonymous_229)
FN:59,(anonymous_230)
FN:59,A
FN:60,(anonymous_232)
FN:60,(anonymous_233)
FN:61,(anonymous_234)
FN:61,(anonymous_235)
FN:61,D
FN:61,I
FN:62,v
FN:62,(anonymous_239)
FN:62,(anonymous_240)
FN:62,(anonymous_241)
FN:62,T
FN:62,S
FN:63,(anonymous_244)
FN:63,(anonymous_245)
FN:63,(anonymous_246)
FN:63,nb
FN:64,tc
FN:64,(anonymous_249)
FN:64,(anonymous_250)
FN:64,(anonymous_251)
FN:64,(anonymous_252)
FN:65,(anonymous_253)
FN:65,(anonymous_254)
FN:66,(anonymous_255)
FN:66,(anonymous_256)
FN:66,(anonymous_257)
FN:66,(anonymous_258)
FN:66,na
FN:66,uc
FN:67,Pd
FN:67,(anonymous_262)
FN:67,(anonymous_263)
FN:67,(anonymous_264)
FN:68,Qd
FN:68,(anonymous_266)
FN:68,Rd
FN:68,(anonymous_268)
FN:68,(anonymous_269)
FN:68,vc
FN:68,(anonymous_271)
FN:68,wc
FN:68,(anonymous_273)
FN:68,xc
FN:69,(anonymous_275)
FN:69,Ud
FN:69,(anonymous_277)
FN:69,(anonymous_278)
FN:70,(anonymous_279)
FN:70,r
FN:70,b
FN:70,(anonymous_282)
FN:70,b
FN:70,(anonymous_284)
FN:71,(anonymous_285)
FN:71,(anonymous_286)
FN:72,(anonymous_287)
FN:72,(anonymous_288)
FN:72,(anonymous_289)
FN:72,(anonymous_290)
FN:72,t
FN:72,h
FN:72,n
FN:73,t
FN:74,J
FN:74,(anonymous_296)
FN:74,(anonymous_297)
FN:74,(anonymous_298)
FN:74,(anonymous_299)
FN:75,(anonymous_300)
FN:75,(anonymous_301)
FN:75,(anonymous_302)
FN:75,(anonymous_303)
FN:75,(anonymous_304)
FN:75,(anonymous_305)
FN:75,(anonymous_306)
FN:75,(anonymous_307)
FN:75,we
FN:76,Vd
FN:76,(anonymous_310)
FN:76,xe
FN:76,g
FN:76,(anonymous_313)
FN:77,(anonymous_314)
FN:77,(anonymous_315)
FN:77,J
FN:77,w
FN:78,(anonymous_318)
FN:78,(anonymous_319)
FN:78,(anonymous_320)
FN:78,(anonymous_321)
FN:79,Sd
FN:79,(anonymous_323)
FN:79,(anonymous_324)
FN:79,(anonymous_325)
FN:79,g
FN:80,(anonymous_327)
FN:81,(anonymous_328)
FN:81,(anonymous_329)
FN:81,Td
FN:81,(anonymous_331)
FN:81,d
FN:81,(anonymous_333)
FN:81,(anonymous_334)
FN:82,bd
FN:82,(anonymous_336)
FN:83,(anonymous_337)
FN:83,Mb
FN:84,zc
FN:84,Ac
FN:84,qa
FN:84,ab
FN:85,Nb
FN:85,Bc
FN:85,(anonymous_345)
FN:85,(anonymous_346)
FN:85,(anonymous_347)
FN:86,Pb
FN:86,(anonymous_349)
FN:86,(anonymous_350)
FN:87,(anonymous_351)
FN:87,Qb
FN:87,(anonymous_353)
FN:87,(anonymous_354)
FN:87,pb
FN:87,(anonymous_356)
FN:88,Cc
FN:88,(anonymous_358)
FN:88,Wd
FN:88,(anonymous_360)
FN:88,(anonymous_361)
FN:88,(anonymous_362)
FN:88,f
FN:89,(anonymous_364)
FN:90,(anonymous_365)
FN:90,(anonymous_366)
FN:91,(anonymous_367)
FN:91,(anonymous_368)
FN:91,Xd
FN:91,(anonymous_370)
FN:91,(anonymous_371)
FN:91,d
FN:92,e
FN:92,(anonymous_374)
FN:92,(anonymous_375)
FN:92,(anonymous_376)
FN:92,(anonymous_377)
FN:92,(anonymous_378)
FN:92,da
FN:93,Ma
FN:93,qb
FN:93,(anonymous_382)
FN:93,(anonymous_383)
FN:94,Dc
FN:94,(anonymous_385)
FN:94,(anonymous_386)
FN:94,(anonymous_387)
FN:95,(anonymous_388)
FN:95,(anonymous_389)
FN:95,(anonymous_390)
FN:95,(anonymous_391)
FN:96,ze
FN:96,(anonymous_393)
FN:96,Ae
FN:96,(anonymous_395)
FN:96,Ec
FN:96,(anonymous_397)
FN:97,(anonymous_398)
FN:98,(anonymous_399)
FN:98,Yd
FN:98,(anonymous_401)
FN:98,(anonymous_402)
FN:98,(anonymous_403)
FN:98,(anonymous_404)
FN:99,(anonymous_405)
FN:99,$d
FN:99,(anonymous_407)
FN:99,(anonymous_408)
FN:99,Be
FN:99,c
FN:100,d
FN:100,(anonymous_412)
FN:100,(anonymous_413)
FN:100,(anonymous_414)
FN:100,(anonymous_415)
FN:100,(anonymous_416)
FN:100,(anonymous_417)
FN:100,(anonymous_418)
FN:100,(anonymous_419)
FN:100,(anonymous_420)
FN:101,(anonymous_421)
FN:101,(anonymous_422)
FN:101,(anonymous_423)
FN:101,b
FN:101,d
FN:101,(anonymous_426)
FN:101,(anonymous_427)
FN:101,(anonymous_428)
FN:101,(anonymous_429)
FN:101,(anonymous_430)
FN:102,(anonymous_431)
FN:102,(anonymous_432)
FN:102,(anonymous_433)
FN:102,(anonymous_434)
FN:102,(anonymous_435)
FN:102,(anonymous_436)
FN:102,(anonymous_437)
FN:102,(anonymous_438)
FN:102,(anonymous_439)
FN:102,(anonymous_440)
FN:103,(anonymous_441)
FN:103,(anonymous_442)
FN:103,(anonymous_443)
FN:103,(anonymous_444)
FN:103,(anonymous_445)
FN:103,(anonymous_446)
FN:103,(anonymous_447)
FN:103,(anonymous_448)
FN:103,ge
FN:103,(anonymous_450)
FN:104,(anonymous_451)
FN:104,(anonymous_452)
FN:104,(anonymous_453)
FN:104,(anonymous_454)
FN:104,Zd
FN:104,(anonymous_456)
FN:104,(anonymous_457)
FN:105,k
FN:105,m
FN:105,h
FN:105,l
FN:106,p
FN:106,(anonymous_463)
FN:106,(anonymous_464)
FN:107,(anonymous_465)
FN:107,(anonymous_466)
FN:107,(anonymous_467)
FN:107,(anonymous_468)
FN:108,(anonymous_469)
FN:108,(anonymous_470)
FN:109,(anonymous_471)
FN:109,(anonymous_472)
FN:111,(anonymous_473)
FN:112,(anonymous_474)
FN:112,(anonymous_475)
FN:112,(anonymous_476)
FN:112,(anonymous_477)
FN:112,(anonymous_478)
FN:113,(anonymous_479)
FN:113,(anonymous_480)
FN:113,(anonymous_481)
FN:113,(anonymous_482)
FN:113,(anonymous_483)
FN:113,(anonymous_484)
FN:114,(anonymous_485)
FN:115,cd
FN:115,(anonymous_487)
FN:115,(anonymous_488)
FN:115,(anonymous_489)
FN:115,(anonymous_490)
FN:116,Ce
FN:116,Gc
FN:116,(anonymous_493)
FN:116,be
FN:117,(anonymous_495)
FN:117,(anonymous_496)
FN:117,(anonymous_497)
FN:117,d
FN:117,(anonymous_499)
FN:117,(anonymous_500)
FN:117,(anonymous_501)
FN:117,(anonymous_502)
FN:117,(anonymous_503)
FN:118,(anonymous_504)
FN:118,(anonymous_505)
FN:119,(anonymous_506)
FN:119,ae
FN:119,(anonymous_508)
FN:119,(anonymous_509)
FN:120,(anonymous_510)
FN:120,(anonymous_511)
FN:120,(anonymous_512)
FN:120,(anonymous_513)
FN:120,(anonymous_514)
FN:120,(anonymous_515)
FN:120,(anonymous_516)
FN:120,(anonymous_517)
FN:121,ce
FN:121,(anonymous_519)
FN:122,(anonymous_520)
FN:122,ee
FN:122,(anonymous_522)
FN:122,e
FN:123,(anonymous_524)
FN:123,(anonymous_525)
FN:123,ta
FN:124,Lb
FN:124,fe
FN:124,jc
FN:124,a
FN:124,(anonymous_531)
FN:124,(anonymous_532)
FN:124,(anonymous_533)
FN:125,De
FN:125,(anonymous_535)
FN:125,(anonymous_536)
FN:125,(anonymous_537)
FN:125,(anonymous_538)
FN:126,(anonymous_539)
FN:127,(anonymous_540)
FN:127,(anonymous_541)
FN:127,Ic
FN:127,(anonymous_543)
FN:127,Kc
FN:127,(anonymous_545)
FN:128,Mc
FN:129,Tb
FN:129,Y
FN:129,(anonymous_549)
FN:130,rb
FN:130,(anonymous_551)
FN:130,Jc
FN:130,a
FN:131,(anonymous_554)
FN:131,(anonymous_555)
FN:131,Ee
FN:131,(anonymous_557)
FN:131,Fe
FN:131,(anonymous_559)
FN:132,Lc
FN:132,(anonymous_561)
FN:132,e
FN:132,(anonymous_563)
FN:132,g
FN:132,(anonymous_565)
FN:133,(anonymous_566)
FN:133,(anonymous_567)
FN:133,(anonymous_568)
FN:133,wa
FN:133,Oc
FN:133,e
FN:134,(anonymous_572)
FN:134,(anonymous_573)
FN:134,(anonymous_574)
FN:134,(anonymous_575)
FN:135,(anonymous_576)
FN:135,(anonymous_577)
FN:135,(anonymous_578)
FN:135,ra
FN:135,Pc
FN:136,Le
FN:136,(anonymous_582)
FN:136,wb
FN:136,(anonymous_584)
FN:136,(anonymous_585)
FN:136,(anonymous_586)
FN:137,(anonymous_587)
FN:137,(anonymous_588)
FN:137,(anonymous_589)
FN:137,(anonymous_590)
FN:137,(anonymous_591)
FN:138,(anonymous_592)
FN:138,(anonymous_593)
FN:138,(anonymous_594)
FN:139,(anonymous_595)
FN:139,Ub
FN:139,(anonymous_597)
FN:139,d
FN:139,e
FN:139,(anonymous_600)
FN:139,(anonymous_601)
FN:139,m
FN:140,(anonymous_603)
FN:140,h
FN:140,(anonymous_605)
FN:141,(anonymous_606)
FN:141,(anonymous_607)
FN:141,(anonymous_608)
FN:142,(anonymous_609)
FN:142,(anonymous_610)
FN:142,(anonymous_611)
FN:142,(anonymous_612)
FN:142,(anonymous_613)
FN:142,(anonymous_614)
FN:142,(anonymous_615)
FN:143,(anonymous_616)
FN:143,(anonymous_617)
FN:143,(anonymous_618)
FN:143,(anonymous_619)
FN:143,(anonymous_620)
FN:144,(anonymous_621)
FN:144,a
FN:145,(anonymous_623)
FN:145,(anonymous_624)
FN:145,(anonymous_625)
FN:145,(anonymous_626)
FN:145,(anonymous_627)
FN:146,(anonymous_628)
FN:146,(anonymous_629)
FN:146,(anonymous_630)
FN:146,(anonymous_631)
FN:146,(anonymous_632)
FN:146,(anonymous_633)
FN:147,(anonymous_634)
FN:147,(anonymous_635)
FN:147,b
FN:147,(anonymous_637)
FN:148,(anonymous_638)
FN:148,(anonymous_639)
FN:148,(anonymous_640)
FN:148,(anonymous_641)
FN:149,a
FN:149,(anonymous_643)
FN:149,(anonymous_644)
FN:150,(anonymous_645)
FN:150,(anonymous_646)
FN:150,(anonymous_647)
FN:150,g
FN:150,(anonymous_649)
FN:151,(anonymous_650)
FN:151,(anonymous_651)
FN:151,(anonymous_652)
FN:151,(anonymous_653)
FN:151,(anonymous_654)
FN:151,(anonymous_655)
FN:151,(anonymous_656)
FN:151,(anonymous_657)
FN:151,(anonymous_658)
FN:152,(anonymous_659)
FN:152,(anonymous_660)
FN:152,(anonymous_661)
FN:152,(anonymous_662)
FN:152,(anonymous_663)
FN:152,(anonymous_664)
FN:152,(anonymous_665)
FN:153,(anonymous_666)
FN:153,(anonymous_667)
FN:153,(anonymous_668)
FN:153,(anonymous_669)
FN:153,(anonymous_670)
FN:154,(anonymous_671)
FN:154,(anonymous_672)
FN:154,(anonymous_673)
FN:154,(anonymous_674)
FN:154,(anonymous_675)
FN:155,(anonymous_676)
FN:155,(anonymous_677)
FN:155,(anonymous_678)
FN:155,(anonymous_679)
FN:155,(anonymous_680)
FN:155,(anonymous_681)
FN:155,(anonymous_682)
FN:155,(anonymous_683)
FN:156,(anonymous_684)
FN:156,(anonymous_685)
FN:156,(anonymous_686)
FN:156,(anonymous_687)
FN:157,(anonymous_688)
FN:157,(anonymous_689)
FN:158,(anonymous_690)
FN:158,(anonymous_691)
FN:158,(anonymous_692)
FN:158,(anonymous_693)
FN:158,(anonymous_694)
FN:158,(anonymous_695)
FN:158,(anonymous_696)
FN:158,(anonymous_697)
FN:158,(anonymous_698)
FN:159,(anonymous_699)
FN:159,(anonymous_700)
FN:159,(anonymous_701)
FN:159,(anonymous_702)
FN:159,(anonymous_703)
FN:159,(anonymous_704)
FN:159,(anonymous_705)
FN:159,(anonymous_706)
FN:159,(anonymous_707)
FN:159,(anonymous_708)
FN:159,(anonymous_709)
FN:160,(anonymous_710)
FN:160,(anonymous_711)
FN:160,(anonymous_712)
FN:160,(anonymous_713)
FN:160,(anonymous_714)
FN:162,(anonymous_715)
FN:162,(anonymous_716)
FN:162,(anonymous_717)
FN:162,(anonymous_718)
FN:162,(anonymous_719)
FN:162,(anonymous_720)
FN:163,(anonymous_721)
FN:163,(anonymous_722)
FN:163,(anonymous_723)
FN:164,(anonymous_724)
FN:164,(anonymous_725)
FN:165,(anonymous_726)
FN:165,(anonymous_727)
FN:165,(anonymous_728)
FN:166,(anonymous_729)
FN:167,(anonymous_730)
FN:167,(anonymous_731)
FN:167,(anonymous_732)
FN:167,(anonymous_733)
FN:168,(anonymous_734)
FN:168,(anonymous_735)
FN:169,(anonymous_736)
FN:169,(anonymous_737)
FN:169,(anonymous_738)
FN:169,(anonymous_739)
FN:169,(anonymous_740)
FN:169,(anonymous_741)
FN:169,(anonymous_742)
FN:170,(anonymous_743)
FN:170,(anonymous_744)
FN:170,(anonymous_745)
FN:170,(anonymous_746)
FN:170,(anonymous_747)
FN:171,(anonymous_748)
FN:171,(anonymous_749)
FN:171,(anonymous_750)
FN:171,(anonymous_751)
FN:171,(anonymous_752)
FN:172,(anonymous_753)
FN:172,(anonymous_754)
FN:172,(anonymous_755)
FN:172,(anonymous_756)
FN:173,(anonymous_757)
FN:173,(anonymous_758)
FN:173,(anonymous_759)
FN:173,(anonymous_760)
FN:174,(anonymous_761)
FN:174,(anonymous_762)
FN:174,(anonymous_763)
FN:174,(anonymous_764)
FN:174,(anonymous_765)
FN:174,(anonymous_766)
FN:175,(anonymous_767)
FN:175,(anonymous_768)
FN:175,(anonymous_769)
FN:175,(anonymous_770)
FN:176,(anonymous_771)
FN:176,(anonymous_772)
FN:177,(anonymous_773)
FN:177,(anonymous_774)
FN:178,(anonymous_775)
FN:179,(anonymous_776)
FN:179,(anonymous_777)
FN:179,(anonymous_778)
FN:180,(anonymous_779)
FN:180,(anonymous_780)
FN:180,(anonymous_781)
FN:180,(anonymous_782)
FN:180,(anonymous_783)
FN:180,(anonymous_784)
FN:180,(anonymous_785)
FN:180,(anonymous_786)
FN:181,(anonymous_787)
FN:181,(anonymous_788)
FN:181,(anonymous_789)
FN:181,(anonymous_790)
FN:181,(anonymous_791)
FN:181,(anonymous_792)
FN:181,(anonymous_793)
FN:181,(anonymous_794)
FN:182,(anonymous_795)
FN:182,(anonymous_796)
FN:182,(anonymous_797)
FN:183,(anonymous_798)
FN:183,(anonymous_799)
FN:183,(anonymous_800)
FN:183,(anonymous_801)
FN:184,(anonymous_802)
FN:184,(anonymous_803)
FN:184,(anonymous_804)
FN:184,(anonymous_805)
FN:184,(anonymous_806)
FN:184,(anonymous_807)
FN:184,(anonymous_808)
FN:184,(anonymous_809)
FN:185,(anonymous_810)
FN:185,(anonymous_811)
FN:185,(anonymous_812)
FN:185,(anonymous_813)
FN:185,(anonymous_814)
FN:185,(anonymous_815)
FN:185,(anonymous_816)
FN:185,(anonymous_817)
FN:186,(anonymous_818)
FN:186,(anonymous_819)
FN:186,k
FN:187,(anonymous_821)
FN:187,(anonymous_822)
FN:187,(anonymous_823)
FN:188,(anonymous_824)
FN:188,(anonymous_825)
FN:188,(anonymous_826)
FN:188,(anonymous_827)
FN:189,(anonymous_828)
FN:189,(anonymous_829)
FN:189,(anonymous_830)
FN:189,(anonymous_831)
FN:189,(anonymous_832)
FN:189,(anonymous_833)
FN:189,(anonymous_834)
FN:189,(anonymous_835)
FN:190,(anonymous_836)
FN:190,(anonymous_837)
FN:190,(anonymous_838)
FN:190,(anonymous_839)
FN:190,(anonymous_840)
FN:190,(anonymous_841)
FN:190,(anonymous_842)
FN:190,(anonymous_843)
FN:191,(anonymous_844)
FN:191,(anonymous_845)
FN:191,(anonymous_846)
FN:191,(anonymous_847)
FN:191,(anonymous_848)
FN:191,(anonymous_849)
FN:191,(anonymous_850)
FN:191,(anonymous_851)
FN:191,(anonymous_852)
FN:191,(anonymous_853)
FN:192,(anonymous_854)
FN:192,(anonymous_855)
FN:192,(anonymous_856)
FN:192,(anonymous_857)
FN:192,(anonymous_858)
FN:192,(anonymous_859)
FN:193,(anonymous_860)
FN:193,(anonymous_861)
FN:193,(anonymous_862)
FN:193,(anonymous_863)
FN:193,(anonymous_864)
FN:193,(anonymous_865)
FN:193,(anonymous_866)
FN:193,(anonymous_867)
FN:193,(anonymous_868)
FN:193,(anonymous_869)
FN:194,(anonymous_870)
FN:194,(anonymous_871)
FN:194,(anonymous_872)
FN:194,(anonymous_873)
FN:194,(anonymous_874)
FN:194,(anonymous_875)
FN:195,(anonymous_876)
FN:195,(anonymous_877)
FN:195,(anonymous_878)
FN:195,(anonymous_879)
FN:195,(anonymous_880)
FN:195,(anonymous_881)
FN:195,(anonymous_882)
FN:196,(anonymous_883)
FN:196,(anonymous_884)
FN:196,(anonymous_885)
FN:196,(anonymous_886)
FN:196,(anonymous_887)
FN:196,(anonymous_888)
FN:196,(anonymous_889)
FN:197,(anonymous_890)
FN:197,(anonymous_891)
FN:197,(anonymous_892)
FN:197,(anonymous_893)
FN:198,(anonymous_894)
FN:198,(anonymous_895)
FN:198,(anonymous_896)
FN:199,(anonymous_897)
FN:199,(anonymous_898)
FN:200,(anonymous_899)
FN:200,(anonymous_900)
FN:200,(anonymous_901)
FN:200,(anonymous_902)
FN:200,(anonymous_903)
FN:200,(anonymous_904)
FN:200,(anonymous_905)
FN:201,(anonymous_906)
FN:201,(anonymous_907)
FN:201,(anonymous_908)
FN:201,(anonymous_909)
FN:201,(anonymous_910)
FN:201,(anonymous_911)
FN:201,(anonymous_912)
FN:201,(anonymous_913)
FN:202,(anonymous_914)
FN:202,(anonymous_915)
FN:202,(anonymous_916)
FN:202,(anonymous_917)
FN:203,(anonymous_918)
FN:203,(anonymous_919)
FN:203,(anonymous_920)
FN:203,(anonymous_921)
FN:203,(anonymous_922)
FN:204,(anonymous_923)
FN:204,(anonymous_924)
FN:204,(anonymous_925)
FN:204,(anonymous_926)
FN:204,(anonymous_927)
FN:205,(anonymous_928)
FN:205,(anonymous_929)
FN:205,(anonymous_930)
FN:205,h
FN:205,(anonymous_932)
FN:205,(anonymous_933)
FN:205,(anonymous_934)
FN:205,l
FN:205,(anonymous_936)
FN:206,(anonymous_937)
FN:206,(anonymous_938)
FN:206,(anonymous_939)
FN:206,(anonymous_940)
FN:206,(anonymous_941)
FN:206,p
FN:206,k
FN:209,(anonymous_944)
FN:209,(anonymous_945)
FN:211,(anonymous_946)
FN:211,(anonymous_947)
FN:211,(anonymous_948)
FN:211,(anonymous_949)
FN:211,(anonymous_950)
FN:212,(anonymous_951)
FN:212,(anonymous_952)
FNF:952
FNH:0
FNDA:0,(anonymous_1)
FNDA:0,v
FNDA:0,(anonymous_3)
FNDA:0,db
FNDA:0,q
FNDA:0,Vb
FNDA:0,Tc
FNDA:0,Wb
FNDA:0,(anonymous_9)
FNDA:0,eb
FNDA:0,Xb
FNDA:0,E
FNDA:0,(anonymous_13)
FNDA:0,(anonymous_14)
FNDA:0,Z
FNDA:0,Yb
FNDA:0,(anonymous_17)
FNDA:0,A
FNDA:0,Fa
FNDA:0,$
FNDA:0,(anonymous_21)
FNDA:0,D
FNDA:0,B
FNDA:0,U
FNDA:0,y
FNDA:0,xb
FNDA:0,Oa
FNDA:0,O
FNDA:0,fb
FNDA:0,Ea
FNDA:0,Uc
FNDA:0,Vc
FNDA:0,(anonymous_33)
FNDA:0,Pa
FNDA:0,Qa
FNDA:0,Ga
FNDA:0,(anonymous_37)
FNDA:0,la
FNDA:0,ya
FNDA:0,Zb
FNDA:0,zb
FNDA:0,(anonymous_42)
FNDA:0,(anonymous_43)
FNDA:0,Wc
FNDA:0,sa
FNDA:0,$b
FNDA:0,Sa
FNDA:0,ga
FNDA:0,(anonymous_49)
FNDA:0,ac
FNDA:0,bc
FNDA:0,(anonymous_52)
FNDA:0,Ab
FNDA:0,(anonymous_54)
FNDA:0,(anonymous_55)
FNDA:0,gb
FNDA:0,Aa
FNDA:0,Xc
FNDA:0,c
FNDA:0,(anonymous_60)
FNDA:0,(anonymous_61)
FNDA:0,(anonymous_62)
FNDA:0,cc
FNDA:0,(anonymous_64)
FNDA:0,(anonymous_65)
FNDA:0,(anonymous_66)
FNDA:0,(anonymous_67)
FNDA:0,(anonymous_68)
FNDA:0,(anonymous_69)
FNDA:0,hb
FNDA:0,(anonymous_71)
FNDA:0,Bb
FNDA:0,Ua
FNDA:0,Ba
FNDA:0,ec
FNDA:0,Cb
FNDA:0,Zc
FNDA:0,(anonymous_78)
FNDA:0,(anonymous_79)
FNDA:0,(anonymous_80)
FNDA:0,b
FNDA:0,(anonymous_82)
FNDA:0,(anonymous_83)
FNDA:0,$c
FNDA:0,(anonymous_85)
FNDA:0,Wa
FNDA:0,(anonymous_87)
FNDA:0,Eb
FNDA:0,e
FNDA:0,S
FNDA:0,Ib
FNDA:0,Ia
FNDA:0,lc
FNDA:0,(anonymous_94)
FNDA:0,(anonymous_95)
FNDA:0,kc
FNDA:0,ma
FNDA:0,mc
FNDA:0,Jb
FNDA:0,ib
FNDA:0,(anonymous_101)
FNDA:0,jb
FNDA:0,(anonymous_103)
FNDA:0,Hb
FNDA:0,nc
FNDA:0,kb
FNDA:0,oc
FNDA:0,pc
FNDA:0,oe
FNDA:0,(anonymous_110)
FNDA:0,(anonymous_111)
FNDA:0,(anonymous_112)
FNDA:0,(anonymous_113)
FNDA:0,(anonymous_114)
FNDA:0,(anonymous_115)
FNDA:0,Ja
FNDA:0,Za
FNDA:0,(anonymous_118)
FNDA:0,rc
FNDA:0,(anonymous_120)
FNDA:0,(anonymous_121)
FNDA:0,dc
FNDA:0,a
FNDA:0,(anonymous_124)
FNDA:0,c
FNDA:0,d
FNDA:0,e
FNDA:0,(anonymous_128)
FNDA:0,g
FNDA:0,c
FNDA:0,d
FNDA:0,(anonymous_132)
FNDA:0,(anonymous_133)
FNDA:0,(anonymous_134)
FNDA:0,(anonymous_135)
FNDA:0,(anonymous_136)
FNDA:0,(anonymous_137)
FNDA:0,(anonymous_138)
FNDA:0,(anonymous_139)
FNDA:0,(anonymous_140)
FNDA:0,(anonymous_141)
FNDA:0,(anonymous_142)
FNDA:0,(anonymous_143)
FNDA:0,Ld
FNDA:0,(anonymous_145)
FNDA:0,(anonymous_146)
FNDA:0,e
FNDA:0,(anonymous_148)
FNDA:0,g
FNDA:0,(anonymous_150)
FNDA:0,(anonymous_151)
FNDA:0,he
FNDA:0,(anonymous_153)
FNDA:0,(anonymous_154)
FNDA:0,(anonymous_155)
FNDA:0,te
FNDA:0,e
FNDA:0,g
FNDA:0,ba
FNDA:0,(anonymous_160)
FNDA:0,f
FNDA:0,(anonymous_162)
FNDA:0,(anonymous_163)
FNDA:0,(anonymous_164)
FNDA:0,(anonymous_165)
FNDA:0,(anonymous_166)
FNDA:0,(anonymous_167)
FNDA:0,(anonymous_168)
FNDA:0,(anonymous_169)
FNDA:0,(anonymous_170)
FNDA:0,(anonymous_171)
FNDA:0,(anonymous_172)
FNDA:0,(anonymous_173)
FNDA:0,Nd
FNDA:0,(anonymous_175)
FNDA:0,Od
FNDA:0,(anonymous_177)
FNDA:0,b
FNDA:0,e
FNDA:0,g
FNDA:0,(anonymous_181)
FNDA:0,(anonymous_182)
FNDA:0,(anonymous_183)
FNDA:0,(anonymous_184)
FNDA:0,(anonymous_185)
FNDA:0,(anonymous_186)
FNDA:0,(anonymous_187)
FNDA:0,(anonymous_188)
FNDA:0,(anonymous_189)
FNDA:0,de
FNDA:0,(anonymous_191)
FNDA:0,fc
FNDA:0,m
FNDA:0,(anonymous_194)
FNDA:0,(anonymous_195)
FNDA:0,(anonymous_196)
FNDA:0,(anonymous_197)
FNDA:0,(anonymous_198)
FNDA:0,z
FNDA:0,(anonymous_200)
FNDA:0,(anonymous_201)
FNDA:0,(anonymous_202)
FNDA:0,ha
FNDA:0,N
FNDA:0,f
FNDA:0,M
FNDA:0,(anonymous_207)
FNDA:0,(anonymous_208)
FNDA:0,ca
FNDA:0,C
FNDA:0,G
FNDA:0,(anonymous_212)
FNDA:0,H
FNDA:0,w
FNDA:0,J
FNDA:0,(anonymous_216)
FNDA:0,K
FNDA:0,w
FNDA:0,(anonymous_219)
FNDA:0,(anonymous_220)
FNDA:0,(anonymous_221)
FNDA:0,(anonymous_222)
FNDA:0,(anonymous_223)
FNDA:0,(anonymous_224)
FNDA:0,(anonymous_225)
FNDA:0,sc
FNDA:0,ba
FNDA:0,B
FNDA:0,(anonymous_229)
FNDA:0,(anonymous_230)
FNDA:0,A
FNDA:0,(anonymous_232)
FNDA:0,(anonymous_233)
FNDA:0,(anonymous_234)
FNDA:0,(anonymous_235)
FNDA:0,D
FNDA:0,I
FNDA:0,v
FNDA:0,(anonymous_239)
FNDA:0,(anonymous_240)
FNDA:0,(anonymous_241)
FNDA:0,T
FNDA:0,S
FNDA:0,(anonymous_244)
FNDA:0,(anonymous_245)
FNDA:0,(anonymous_246)
FNDA:0,nb
FNDA:0,tc
FNDA:0,(anonymous_249)
FNDA:0,(anonymous_250)
FNDA:0,(anonymous_251)
FNDA:0,(anonymous_252)
FNDA:0,(anonymous_253)
FNDA:0,(anonymous_254)
FNDA:0,(anonymous_255)
FNDA:0,(anonymous_256)
FNDA:0,(anonymous_257)
FNDA:0,(anonymous_258)
FNDA:0,na
FNDA:0,uc
FNDA:0,Pd
FNDA:0,(anonymous_262)
FNDA:0,(anonymous_263)
FNDA:0,(anonymous_264)
FNDA:0,Qd
FNDA:0,(anonymous_266)
FNDA:0,Rd
FNDA:0,(anonymous_268)
FNDA:0,(anonymous_269)
FNDA:0,vc
FNDA:0,(anonymous_271)
FNDA:0,wc
FNDA:0,(anonymous_273)
FNDA:0,xc
FNDA:0,(anonymous_275)
FNDA:0,Ud
FNDA:0,(anonymous_277)
FNDA:0,(anonymous_278)
FNDA:0,(anonymous_279)
FNDA:0,r
FNDA:0,b
FNDA:0,(anonymous_282)
FNDA:0,b
FNDA:0,(anonymous_284)
FNDA:0,(anonymous_285)
FNDA:0,(anonymous_286)
FNDA:0,(anonymous_287)
FNDA:0,(anonymous_288)
FNDA:0,(anonymous_289)
FNDA:0,(anonymous_290)
FNDA:0,t
FNDA:0,h
FNDA:0,n
FNDA:0,t
FNDA:0,J
FNDA:0,(anonymous_296)
FNDA:0,(anonymous_297)
FNDA:0,(anonymous_298)
FNDA:0,(anonymous_299)
FNDA:0,(anonymous_300)
FNDA:0,(anonymous_301)
FNDA:0,(anonymous_302)
FNDA:0,(anonymous_303)
FNDA:0,(anonymous_304)
FNDA:0,(anonymous_305)
FNDA:0,(anonymous_306)
FNDA:0,(anonymous_307)
FNDA:0,we
FNDA:0,Vd
FNDA:0,(anonymous_310)
FNDA:0,xe
FNDA:0,g
FNDA:0,(anonymous_313)
FNDA:0,(anonymous_314)
FNDA:0,(anonymous_315)
FNDA:0,J
FNDA:0,w
FNDA:0,(anonymous_318)
FNDA:0,(anonymous_319)
FNDA:0,(anonymous_320)
FNDA:0,(anonymous_321)
FNDA:0,Sd
FNDA:0,(anonymous_323)
FNDA:0,(anonymous_324)
FNDA:0,(anonymous_325)
FNDA:0,g
FNDA:0,(anonymous_327)
FNDA:0,(anonymous_328)
FNDA:0,(anonymous_329)
FNDA:0,Td
FNDA:0,(anonymous_331)
FNDA:0,d
FNDA:0,(anonymous_333)
FNDA:0,(anonymous_334)
FNDA:0,bd
FNDA:0,(anonymous_336)
FNDA:0,(anonymous_337)
FNDA:0,Mb
FNDA:0,zc
FNDA:0,Ac
FNDA:0,qa
FNDA:0,ab
FNDA:0,Nb
FNDA:0,Bc
FNDA:0,(anonymous_345)
FNDA:0,(anonymous_346)
FNDA:0,(anonymous_347)
FNDA:0,Pb
FNDA:0,(anonymous_349)
FNDA:0,(anonymous_350)
FNDA:0,(anonymous_351)
FNDA:0,Qb
FNDA:0,(anonymous_353)
FNDA:0,(anonymous_354)
FNDA:0,pb
FNDA:0,(anonymous_356)
FNDA:0,Cc
FNDA:0,(anonymous_358)
FNDA:0,Wd
FNDA:0,(anonymous_360)
FNDA:0,(anonymous_361)
FNDA:0,(anonymous_362)
FNDA:0,f
FNDA:0,(anonymous_364)
FNDA:0,(anonymous_365)
FNDA:0,(anonymous_366)
FNDA:0,(anonymous_367)
FNDA:0,(anonymous_368)
FNDA:0,Xd
FNDA:0,(anonymous_370)
FNDA:0,(anonymous_371)
FNDA:0,d
FNDA:0,e
FNDA:0,(anonymous_374)
FNDA:0,(anonymous_375)
FNDA:0,(anonymous_376)
FNDA:0,(anonymous_377)
FNDA:0,(anonymous_378)
FNDA:0,da
FNDA:0,Ma
FNDA:0,qb
FNDA:0,(anonymous_382)
FNDA:0,(anonymous_383)
FNDA:0,Dc
FNDA:0,(anonymous_385)
FNDA:0,(anonymous_386)
FNDA:0,(anonymous_387)
FNDA:0,(anonymous_388)
FNDA:0,(anonymous_389)
FNDA:0,(anonymous_390)
FNDA:0,(anonymous_391)
FNDA:0,ze
FNDA:0,(anonymous_393)
FNDA:0,Ae
FNDA:0,(anonymous_395)
FNDA:0,Ec
FNDA:0,(anonymous_397)
FNDA:0,(anonymous_398)
FNDA:0,(anonymous_399)
FNDA:0,Yd
FNDA:0,(anonymous_401)
FNDA:0,(anonymous_402)
FNDA:0,(anonymous_403)
FNDA:0,(anonymous_404)
FNDA:0,(anonymous_405)
FNDA:0,$d
FNDA:0,(anonymous_407)
FNDA:0,(anonymous_408)
FNDA:0,Be
FNDA:0,c
FNDA:0,d
FNDA:0,(anonymous_412)
FNDA:0,(anonymous_413)
FNDA:0,(anonymous_414)
FNDA:0,(anonymous_415)
FNDA:0,(anonymous_416)
FNDA:0,(anonymous_417)
FNDA:0,(anonymous_418)
FNDA:0,(anonymous_419)
FNDA:0,(anonymous_420)
FNDA:0,(anonymous_421)
FNDA:0,(anonymous_422)
FNDA:0,(anonymous_423)
FNDA:0,b
FNDA:0,d
FNDA:0,(anonymous_426)
FNDA:0,(anonymous_427)
FNDA:0,(anonymous_428)
FNDA:0,(anonymous_429)
FNDA:0,(anonymous_430)
FNDA:0,(anonymous_431)
FNDA:0,(anonymous_432)
FNDA:0,(anonymous_433)
FNDA:0,(anonymous_434)
FNDA:0,(anonymous_435)
FNDA:0,(anonymous_436)
FNDA:0,(anonymous_437)
FNDA:0,(anonymous_438)
FNDA:0,(anonymous_439)
FNDA:0,(anonymous_440)
FNDA:0,(anonymous_441)
FNDA:0,(anonymous_442)
FNDA:0,(anonymous_443)
FNDA:0,(anonymous_444)
FNDA:0,(anonymous_445)
FNDA:0,(anonymous_446)
FNDA:0,(anonymous_447)
FNDA:0,(anonymous_448)
FNDA:0,ge
FNDA:0,(anonymous_450)
FNDA:0,(anonymous_451)
FNDA:0,(anonymous_452)
FNDA:0,(anonymous_453)
FNDA:0,(anonymous_454)
FNDA:0,Zd
FNDA:0,(anonymous_456)
FNDA:0,(anonymous_457)
FNDA:0,k
FNDA:0,m
FNDA:0,h
FNDA:0,l
FNDA:0,p
FNDA:0,(anonymous_463)
FNDA:0,(anonymous_464)
FNDA:0,(anonymous_465)
FNDA:0,(anonymous_466)
FNDA:0,(anonymous_467)
FNDA:0,(anonymous_468)
FNDA:0,(anonymous_469)
FNDA:0,(anonymous_470)
FNDA:0,(anonymous_471)
FNDA:0,(anonymous_472)
FNDA:0,(anonymous_473)
FNDA:0,(anonymous_474)
FNDA:0,(anonymous_475)
FNDA:0,(anonymous_476)
FNDA:0,(anonymous_477)
FNDA:0,(anonymous_478)
FNDA:0,(anonymous_479)
FNDA:0,(anonymous_480)
FNDA:0,(anonymous_481)
FNDA:0,(anonymous_482)
FNDA:0,(anonymous_483)
FNDA:0,(anonymous_484)
FNDA:0,(anonymous_485)
FNDA:0,cd
FNDA:0,(anonymous_487)
FNDA:0,(anonymous_488)
FNDA:0,(anonymous_489)
FNDA:0,(anonymous_490)
FNDA:0,Ce
FNDA:0,Gc
FNDA:0,(anonymous_493)
FNDA:0,be
FNDA:0,(anonymous_495)
FNDA:0,(anonymous_496)
FNDA:0,(anonymous_497)
FNDA:0,d
FNDA:0,(anonymous_499)
FNDA:0,(anonymous_500)
FNDA:0,(anonymous_501)
FNDA:0,(anonymous_502)
FNDA:0,(anonymous_503)
FNDA:0,(anonymous_504)
FNDA:0,(anonymous_505)
FNDA:0,(anonymous_506)
FNDA:0,ae
FNDA:0,(anonymous_508)
FNDA:0,(anonymous_509)
FNDA:0,(anonymous_510)
FNDA:0,(anonymous_511)
FNDA:0,(anonymous_512)
FNDA:0,(anonymous_513)
FNDA:0,(anonymous_514)
FNDA:0,(anonymous_515)
FNDA:0,(anonymous_516)
FNDA:0,(anonymous_517)
FNDA:0,ce
FNDA:0,(anonymous_519)
FNDA:0,(anonymous_520)
FNDA:0,ee
FNDA:0,(anonymous_522)
FNDA:0,e
FNDA:0,(anonymous_524)
FNDA:0,(anonymous_525)
FNDA:0,ta
FNDA:0,Lb
FNDA:0,fe
FNDA:0,jc
FNDA:0,a
FNDA:0,(anonymous_531)
FNDA:0,(anonymous_532)
FNDA:0,(anonymous_533)
FNDA:0,De
FNDA:0,(anonymous_535)
FNDA:0,(anonymous_536)
FNDA:0,(anonymous_537)
FNDA:0,(anonymous_538)
FNDA:0,(anonymous_539)
FNDA:0,(anonymous_540)
FNDA:0,(anonymous_541)
FNDA:0,Ic
FNDA:0,(anonymous_543)
FNDA:0,Kc
FNDA:0,(anonymous_545)
FNDA:0,Mc
FNDA:0,Tb
FNDA:0,Y
FNDA:0,(anonymous_549)
FNDA:0,rb
FNDA:0,(anonymous_551)
FNDA:0,Jc
FNDA:0,a
FNDA:0,(anonymous_554)
FNDA:0,(anonymous_555)
FNDA:0,Ee
FNDA:0,(anonymous_557)
FNDA:0,Fe
FNDA:0,(anonymous_559)
FNDA:0,Lc
FNDA:0,(anonymous_561)
FNDA:0,e
FNDA:0,(anonymous_563)
FNDA:0,g
FNDA:0,(anonymous_565)
FNDA:0,(anonymous_566)
FNDA:0,(anonymous_567)
FNDA:0,(anonymous_568)
FNDA:0,wa
FNDA:0,Oc
FNDA:0,e
FNDA:0,(anonymous_572)
FNDA:0,(anonymous_573)
FNDA:0,(anonymous_574)
FNDA:0,(anonymous_575)
FNDA:0,(anonymous_576)
FNDA:0,(anonymous_577)
FNDA:0,(anonymous_578)
FNDA:0,ra
FNDA:0,Pc
FNDA:0,Le
FNDA:0,(anonymous_582)
FNDA:0,wb
FNDA:0,(anonymous_584)
FNDA:0,(anonymous_585)
FNDA:0,(anonymous_586)
FNDA:0,(anonymous_587)
FNDA:0,(anonymous_588)
FNDA:0,(anonymous_589)
FNDA:0,(anonymous_590)
FNDA:0,(anonymous_591)
FNDA:0,(anonymous_592)
FNDA:0,(anonymous_593)
FNDA:0,(anonymous_594)
FNDA:0,(anonymous_595)
FNDA:0,Ub
FNDA:0,(anonymous_597)
FNDA:0,d
FNDA:0,e
FNDA:0,(anonymous_600)
FNDA:0,(anonymous_601)
FNDA:0,m
FNDA:0,(anonymous_603)
FNDA:0,h
FNDA:0,(anonymous_605)
FNDA:0,(anonymous_606)
FNDA:0,(anonymous_607)
FNDA:0,(anonymous_608)
FNDA:0,(anonymous_609)
FNDA:0,(anonymous_610)
FNDA:0,(anonymous_611)
FNDA:0,(anonymous_612)
FNDA:0,(anonymous_613)
FNDA:0,(anonymous_614)
FNDA:0,(anonymous_615)
FNDA:0,(anonymous_616)
FNDA:0,(anonymous_617)
FNDA:0,(anonymous_618)
FNDA:0,(anonymous_619)
FNDA:0,(anonymous_620)
FNDA:0,(anonymous_621)
FNDA:0,a
FNDA:0,(anonymous_623)
FNDA:0,(anonymous_624)
FNDA:0,(anonymous_625)
FNDA:0,(anonymous_626)
FNDA:0,(anonymous_627)
FNDA:0,(anonymous_628)
FNDA:0,(anonymous_629)
FNDA:0,(anonymous_630)
FNDA:0,(anonymous_631)
FNDA:0,(anonymous_632)
FNDA:0,(anonymous_633)
FNDA:0,(anonymous_634)
FNDA:0,(anonymous_635)
FNDA:0,b
FNDA:0,(anonymous_637)
FNDA:0,(anonymous_638)
FNDA:0,(anonymous_639)
FNDA:0,(anonymous_640)
FNDA:0,(anonymous_641)
FNDA:0,a
FNDA:0,(anonymous_643)
FNDA:0,(anonymous_644)
FNDA:0,(anonymous_645)
FNDA:0,(anonymous_646)
FNDA:0,(anonymous_647)
FNDA:0,g
FNDA:0,(anonymous_649)
FNDA:0,(anonymous_650)
FNDA:0,(anonymous_651)
FNDA:0,(anonymous_652)
FNDA:0,(anonymous_653)
FNDA:0,(anonymous_654)
FNDA:0,(anonymous_655)
FNDA:0,(anonymous_656)
FNDA:0,(anonymous_657)
FNDA:0,(anonymous_658)
FNDA:0,(anonymous_659)
FNDA:0,(anonymous_660)
FNDA:0,(anonymous_661)
FNDA:0,(anonymous_662)
FNDA:0,(anonymous_663)
FNDA:0,(anonymous_664)
FNDA:0,(anonymous_665)
FNDA:0,(anonymous_666)
FNDA:0,(anonymous_667)
FNDA:0,(anonymous_668)
FNDA:0,(anonymous_669)
FNDA:0,(anonymous_670)
FNDA:0,(anonymous_671)
FNDA:0,(anonymous_672)
FNDA:0,(anonymous_673)
FNDA:0,(anonymous_674)
FNDA:0,(anonymous_675)
FNDA:0,(anonymous_676)
FNDA:0,(anonymous_677)
FNDA:0,(anonymous_678)
FNDA:0,(anonymous_679)
FNDA:0,(anonymous_680)
FNDA:0,(anonymous_681)
FNDA:0,(anonymous_682)
FNDA:0,(anonymous_683)
FNDA:0,(anonymous_684)
FNDA:0,(anonymous_685)
FNDA:0,(anonymous_686)
FNDA:0,(anonymous_687)
FNDA:0,(anonymous_688)
FNDA:0,(anonymous_689)
FNDA:0,(anonymous_690)
FNDA:0,(anonymous_691)
FNDA:0,(anonymous_692)
FNDA:0,(anonymous_693)
FNDA:0,(anonymous_694)
FNDA:0,(anonymous_695)
FNDA:0,(anonymous_696)
FNDA:0,(anonymous_697)
FNDA:0,(anonymous_698)
FNDA:0,(anonymous_699)
FNDA:0,(anonymous_700)
FNDA:0,(anonymous_701)
FNDA:0,(anonymous_702)
FNDA:0,(anonymous_703)
FNDA:0,(anonymous_704)
FNDA:0,(anonymous_705)
FNDA:0,(anonymous_706)
FNDA:0,(anonymous_707)
FNDA:0,(anonymous_708)
FNDA:0,(anonymous_709)
FNDA:0,(anonymous_710)
FNDA:0,(anonymous_711)
FNDA:0,(anonymous_712)
FNDA:0,(anonymous_713)
FNDA:0,(anonymous_714)
FNDA:0,(anonymous_715)
FNDA:0,(anonymous_716)
FNDA:0,(anonymous_717)
FNDA:0,(anonymous_718)
FNDA:0,(anonymous_719)
FNDA:0,(anonymous_720)
FNDA:0,(anonymous_721)
FNDA:0,(anonymous_722)
FNDA:0,(anonymous_723)
FNDA:0,(anonymous_724)
FNDA:0,(anonymous_725)
FNDA:0,(anonymous_726)
FNDA:0,(anonymous_727)
FNDA:0,(anonymous_728)
FNDA:0,(anonymous_729)
FNDA:0,(anonymous_730)
FNDA:0,(anonymous_731)
FNDA:0,(anonymous_732)
FNDA:0,(anonymous_733)
FNDA:0,(anonymous_734)
FNDA:0,(anonymous_735)
FNDA:0,(anonymous_736)
FNDA:0,(anonymous_737)
FNDA:0,(anonymous_738)
FNDA:0,(anonymous_739)
FNDA:0,(anonymous_740)
FNDA:0,(anonymous_741)
FNDA:0,(anonymous_742)
FNDA:0,(anonymous_743)
FNDA:0,(anonymous_744)
FNDA:0,(anonymous_745)
FNDA:0,(anonymous_746)
FNDA:0,(anonymous_747)
FNDA:0,(anonymous_748)
FNDA:0,(anonymous_749)
FNDA:0,(anonymous_750)
FNDA:0,(anonymous_751)
FNDA:0,(anonymous_752)
FNDA:0,(anonymous_753)
FNDA:0,(anonymous_754)
FNDA:0,(anonymous_755)
FNDA:0,(anonymous_756)
FNDA:0,(anonymous_757)
FNDA:0,(anonymous_758)
FNDA:0,(anonymous_759)
FNDA:0,(anonymous_760)
FNDA:0,(anonymous_761)
FNDA:0,(anonymous_762)
FNDA:0,(anonymous_763)
FNDA:0,(anonymous_764)
FNDA:0,(anonymous_765)
FNDA:0,(anonymous_766)
FNDA:0,(anonymous_767)
FNDA:0,(anonymous_768)
FNDA:0,(anonymous_769)
FNDA:0,(anonymous_770)
FNDA:0,(anonymous_771)
FNDA:0,(anonymous_772)
FNDA:0,(anonymous_773)
FNDA:0,(anonymous_774)
FNDA:0,(anonymous_775)
FNDA:0,(anonymous_776)
FNDA:0,(anonymous_777)
FNDA:0,(anonymous_778)
FNDA:0,(anonymous_779)
FNDA:0,(anonymous_780)
FNDA:0,(anonymous_781)
FNDA:0,(anonymous_782)
FNDA:0,(anonymous_783)
FNDA:0,(anonymous_784)
FNDA:0,(anonymous_785)
FNDA:0,(anonymous_786)
FNDA:0,(anonymous_787)
FNDA:0,(anonymous_788)
FNDA:0,(anonymous_789)
FNDA:0,(anonymous_790)
FNDA:0,(anonymous_791)
FNDA:0,(anonymous_792)
FNDA:0,(anonymous_793)
FNDA:0,(anonymous_794)
FNDA:0,(anonymous_795)
FNDA:0,(anonymous_796)
FNDA:0,(anonymous_797)
FNDA:0,(anonymous_798)
FNDA:0,(anonymous_799)
FNDA:0,(anonymous_800)
FNDA:0,(anonymous_801)
FNDA:0,(anonymous_802)
FNDA:0,(anonymous_803)
FNDA:0,(anonymous_804)
FNDA:0,(anonymous_805)
FNDA:0,(anonymous_806)
FNDA:0,(anonymous_807)
FNDA:0,(anonymous_808)
FNDA:0,(anonymous_809)
FNDA:0,(anonymous_810)
FNDA:0,(anonymous_811)
FNDA:0,(anonymous_812)
FNDA:0,(anonymous_813)
FNDA:0,(anonymous_814)
FNDA:0,(anonymous_815)
FNDA:0,(anonymous_816)
FNDA:0,(anonymous_817)
FNDA:0,(anonymous_818)
FNDA:0,(anonymous_819)
FNDA:0,k
FNDA:0,(anonymous_821)
FNDA:0,(anonymous_822)
FNDA:0,(anonymous_823)
FNDA:0,(anonymous_824)
FNDA:0,(anonymous_825)
FNDA:0,(anonymous_826)
FNDA:0,(anonymous_827)
FNDA:0,(anonymous_828)
FNDA:0,(anonymous_829)
FNDA:0,(anonymous_830)
FNDA:0,(anonymous_831)
FNDA:0,(anonymous_832)
FNDA:0,(anonymous_833)
FNDA:0,(anonymous_834)
FNDA:0,(anonymous_835)
FNDA:0,(anonymous_836)
FNDA:0,(anonymous_837)
FNDA:0,(anonymous_838)
FNDA:0,(anonymous_839)
FNDA:0,(anonymous_840)
FNDA:0,(anonymous_841)
FNDA:0,(anonymous_842)
FNDA:0,(anonymous_843)
FNDA:0,(anonymous_844)
FNDA:0,(anonymous_845)
FNDA:0,(anonymous_846)
FNDA:0,(anonymous_847)
FNDA:0,(anonymous_848)
FNDA:0,(anonymous_849)
FNDA:0,(anonymous_850)
FNDA:0,(anonymous_851)
FNDA:0,(anonymous_852)
FNDA:0,(anonymous_853)
FNDA:0,(anonymous_854)
FNDA:0,(anonymous_855)
FNDA:0,(anonymous_856)
FNDA:0,(anonymous_857)
FNDA:0,(anonymous_858)
FNDA:0,(anonymous_859)
FNDA:0,(anonymous_860)
FNDA:0,(anonymous_861)
FNDA:0,(anonymous_862)
FNDA:0,(anonymous_863)
FNDA:0,(anonymous_864)
FNDA:0,(anonymous_865)
FNDA:0,(anonymous_866)
FNDA:0,(anonymous_867)
FNDA:0,(anonymous_868)
FNDA:0,(anonymous_869)
FNDA:0,(anonymous_870)
FNDA:0,(anonymous_871)
FNDA:0,(anonymous_872)
FNDA:0,(anonymous_873)
FNDA:0,(anonymous_874)
FNDA:0,(anonymous_875)
FNDA:0,(anonymous_876)
FNDA:0,(anonymous_877)
FNDA:0,(anonymous_878)
FNDA:0,(anonymous_879)
FNDA:0,(anonymous_880)
FNDA:0,(anonymous_881)
FNDA:0,(anonymous_882)
FNDA:0,(anonymous_883)
FNDA:0,(anonymous_884)
FNDA:0,(anonymous_885)
FNDA:0,(anonymous_886)
FNDA:0,(anonymous_887)
FNDA:0,(anonymous_888)
FNDA:0,(anonymous_889)
FNDA:0,(anonymous_890)
FNDA:0,(anonymous_891)
FNDA:0,(anonymous_892)
FNDA:0,(anonymous_893)
FNDA:0,(anonymous_894)
FNDA:0,(anonymous_895)
FNDA:0,(anonymous_896)
FNDA:0,(anonymous_897)
FNDA:0,(anonymous_898)
FNDA:0,(anonymous_899)
FNDA:0,(anonymous_900)
FNDA:0,(anonymous_901)
FNDA:0,(anonymous_902)
FNDA:0,(anonymous_903)
FNDA:0,(anonymous_904)
FNDA:0,(anonymous_905)
FNDA:0,(anonymous_906)
FNDA:0,(anonymous_907)
FNDA:0,(anonymous_908)
FNDA:0,(anonymous_909)
FNDA:0,(anonymous_910)
FNDA:0,(anonymous_911)
FNDA:0,(anonymous_912)
FNDA:0,(anonymous_913)
FNDA:0,(anonymous_914)
FNDA:0,(anonymous_915)
FNDA:0,(anonymous_916)
FNDA:0,(anonymous_917)
FNDA:0,(anonymous_918)
FNDA:0,(anonymous_919)
FNDA:0,(anonymous_920)
FNDA:0,(anonymous_921)
FNDA:0,(anonymous_922)
FNDA:0,(anonymous_923)
FNDA:0,(anonymous_924)
FNDA:0,(anonymous_925)
FNDA:0,(anonymous_926)
FNDA:0,(anonymous_927)
FNDA:0,(anonymous_928)
FNDA:0,(anonymous_929)
FNDA:0,(anonymous_930)
FNDA:0,h
FNDA:0,(anonymous_932)
FNDA:0,(anonymous_933)
FNDA:0,(anonymous_934)
FNDA:0,l
FNDA:0,(anonymous_936)
FNDA:0,(anonymous_937)
FNDA:0,(anonymous_938)
FNDA:0,(anonymous_939)
FNDA:0,(anonymous_940)
FNDA:0,(anonymous_941)
FNDA:0,p
FNDA:0,k
FNDA:0,(anonymous_944)
FNDA:0,(anonymous_945)
FNDA:0,(anonymous_946)
FNDA:0,(anonymous_947)
FNDA:0,(anonymous_948)
FNDA:0,(anonymous_949)
FNDA:0,(anonymous_950)
FNDA:0,(anonymous_951)
FNDA:0,(anonymous_952)
DA:6,1
DA:7,1
DA:8,1
DA:9,1
DA:10,1
DA:11,1
DA:12,1
DA:13,1
DA:14,1
DA:15,1
DA:16,1
DA:17,1
DA:18,1
DA:19,1
DA:20,1
DA:21,1
DA:22,0
DA:23,0
DA:24,1
DA:25,1
DA:26,1
DA:27,1
DA:28,1
DA:29,1
DA:30,1
DA:31,1
DA:32,1
DA:33,1
DA:34,1
DA:35,0
DA:36,1
DA:37,1
DA:38,1
DA:39,0
DA:40,0
DA:41,1
DA:42,1
DA:43,1
DA:44,0
DA:45,1
DA:46,1
DA:47,0
DA:48,1
DA:49,0
DA:50,1
DA:51,1
DA:52,0
DA:53,0
DA:54,0
DA:55,0
DA:56,0
DA:57,0
DA:58,1
DA:59,1
DA:60,0
DA:61,1
DA:62,1
DA:63,1
DA:64,1
DA:65,0
DA:66,1
DA:67,1
DA:68,1
DA:69,1
DA:70,1
DA:71,0
DA:72,1
DA:73,1
DA:74,1
DA:75,1
DA:76,1
DA:77,1
DA:78,0
DA:79,1
DA:80,0
DA:81,1
DA:82,1
DA:83,1
DA:84,1
DA:85,1
DA:86,1
DA:87,1
DA:88,1
DA:89,0
DA:90,0
DA:91,1
DA:92,1
DA:93,1
DA:94,1
DA:95,0
DA:96,1
DA:97,0
DA:98,1
DA:99,1
DA:100,1
DA:101,1
DA:102,0
DA:103,1
DA:104,1
DA:105,1
DA:106,1
DA:107,0
DA:108,0
DA:109,0
DA:110,0
DA:111,0
DA:112,0
DA:113,0
DA:114,0
DA:115,1
DA:116,1
DA:117,1
DA:118,0
DA:119,1
DA:120,0
DA:121,1
DA:122,1
DA:123,1
DA:124,1
DA:125,1
DA:126,0
DA:127,1
DA:128,1
DA:129,1
DA:130,1
DA:131,1
DA:132,1
DA:133,1
DA:134,0
DA:135,1
DA:136,1
DA:137,0
DA:138,0
DA:139,1
DA:140,1
DA:141,0
DA:142,0
DA:143,0
DA:144,1
DA:145,0
DA:146,0
DA:147,1
DA:148,0
DA:149,0
DA:150,0
DA:151,0
DA:152,0
DA:153,0
DA:154,0
DA:155,0
DA:156,0
DA:157,0
DA:158,0
DA:159,0
DA:160,0
DA:161,0
DA:162,0
DA:163,0
DA:164,0
DA:165,0
DA:166,0
DA:167,0
DA:168,0
DA:169,0
DA:170,0
DA:171,0
DA:172,0
DA:173,0
DA:174,0
DA:175,0
DA:176,0
DA:177,0
DA:178,0
DA:179,0
DA:180,0
DA:181,0
DA:182,0
DA:183,0
DA:184,0
DA:185,0
DA:186,1
DA:187,0
DA:188,0
DA:189,0
DA:190,0
DA:191,0
DA:192,0
DA:193,0
DA:194,0
DA:195,0
DA:196,0
DA:197,0
DA:198,0
DA:199,0
DA:200,0
DA:201,0
DA:202,0
DA:203,0
DA:204,0
DA:205,1
DA:206,1
DA:207,0
DA:208,0
DA:209,0
DA:210,0
DA:211,0
DA:212,0
DA:213,0
LF:208
LH:102
BRDA:6,1,0,0
BRDA:6,1,1,0
BRDA:6,2,0,0
BRDA:6,2,1,0
BRDA:6,3,0,0
BRDA:6,3,1,0
BRDA:6,4,0,0
BRDA:6,4,1,0
BRDA:6,5,0,0
BRDA:6,5,1,0
BRDA:6,6,0,0
BRDA:6,6,1,0
BRDA:6,7,0,0
BRDA:6,7,1,0
BRDA:6,8,0,0
BRDA:6,8,1,0
BRDA:7,9,0,0
BRDA:7,9,1,0
BRDA:7,10,0,0
BRDA:7,10,1,0
BRDA:7,11,0,0
BRDA:7,11,1,0
BRDA:7,11,2,0
BRDA:7,11,3,0
BRDA:7,11,4,0
BRDA:7,11,5,0
BRDA:7,12,0,0
BRDA:7,12,1,0
BRDA:7,13,0,0
BRDA:7,13,1,0
BRDA:7,14,0,0
BRDA:7,14,1,0
BRDA:7,14,2,0
BRDA:7,14,3,0
BRDA:7,14,4,0
BRDA:7,14,5,0
BRDA:7,15,0,0
BRDA:7,15,1,0
BRDA:7,16,0,0
BRDA:7,16,1,0
BRDA:7,17,0,0
BRDA:7,17,1,0
BRDA:7,18,0,0
BRDA:7,18,1,0
BRDA:7,19,0,0
BRDA:7,19,1,0
BRDA:8,20,0,0
BRDA:8,20,1,0
BRDA:8,21,0,0
BRDA:8,21,1,0
BRDA:8,22,0,0
BRDA:8,22,1,0
BRDA:8,23,0,0
BRDA:8,23,1,0
BRDA:9,24,0,0
BRDA:9,24,1,0
BRDA:10,25,0,0
BRDA:10,25,1,0
BRDA:10,25,2,0
BRDA:10,25,3,0
BRDA:10,25,4,0
BRDA:10,26,0,0
BRDA:10,26,1,0
BRDA:10,27,0,0
BRDA:10,27,1,0
BRDA:10,27,2,0
BRDA:10,27,3,0
BRDA:10,28,0,0
BRDA:10,28,1,0
BRDA:10,29,0,0
BRDA:10,29,1,0
BRDA:10,30,0,0
BRDA:10,30,1,0
BRDA:10,31,0,0
BRDA:10,31,1,0
BRDA:10,32,0,0
BRDA:10,32,1,0
BRDA:10,32,2,0
BRDA:10,32,3,0
BRDA:10,33,0,0
BRDA:10,33,1,0
BRDA:10,34,0,0
BRDA:10,34,1,0
BRDA:10,35,0,0
BRDA:10,35,1,0
BRDA:11,36,0,0
BRDA:11,36,1,0
BRDA:11,37,0,0
BRDA:11,37,1,0
BRDA:11,38,0,0
BRDA:11,38,1,0
BRDA:11,39,0,0
BRDA:11,39,1,0
BRDA:11,40,0,0
BRDA:11,40,1,0
BRDA:11,41,0,0
BRDA:11,41,1,0
BRDA:11,42,0,0
BRDA:11,42,1,0
BRDA:11,43,0,0
BRDA:11,43,1,0
BRDA:11,44,0,0
BRDA:11,44,1,0
BRDA:11,45,0,0
BRDA:11,45,1,0
BRDA:11,46,0,0
BRDA:11,46,1,0
BRDA:11,47,0,0
BRDA:11,47,1,0
BRDA:11,48,0,0
BRDA:11,48,1,0
BRDA:12,49,0,0
BRDA:12,49,1,0
BRDA:12,50,0,0
BRDA:12,50,1,0
BRDA:12,51,0,0
BRDA:12,51,1,0
BRDA:12,51,2,0
BRDA:12,51,3,0
BRDA:12,52,0,0
BRDA:12,52,1,0
BRDA:12,53,0,0
BRDA:12,53,1,0
BRDA:12,54,0,0
BRDA:12,54,1,0
BRDA:12,55,0,0
BRDA:12,55,1,0
BRDA:12,56,0,0
BRDA:12,56,1,0
BRDA:12,57,0,0
BRDA:12,57,1,0
BRDA:12,58,0,0
BRDA:12,58,1,0
BRDA:12,59,0,0
BRDA:12,59,1,0
BRDA:12,60,0,0
BRDA:12,60,1,0
BRDA:12,61,0,0
BRDA:12,61,1,0
BRDA:12,62,0,0
BRDA:12,62,1,0
BRDA:12,63,0,0
BRDA:12,63,1,0
BRDA:12,64,0,0
BRDA:12,64,1,0
BRDA:12,65,0,0
BRDA:12,65,1,0
BRDA:12,66,0,0
BRDA:12,66,1,0
BRDA:12,67,0,0
BRDA:12,67,1,0
BRDA:12,68,0,0
BRDA:12,68,1,0
BRDA:12,69,0,0
BRDA:12,69,1,0
BRDA:12,69,2,0
BRDA:12,69,3,0
BRDA:12,69,4,0
BRDA:12,69,5,0
BRDA:12,69,6,0
BRDA:12,69,7,0
BRDA:12,69,8,0
BRDA:13,70,0,0
BRDA:13,70,1,0
BRDA:13,71,0,0
BRDA:13,71,1,0
BRDA:13,72,0,0
BRDA:13,72,1,0
BRDA:13,73,0,0
BRDA:13,73,1,0
BRDA:13,74,0,0
BRDA:13,74,1,0
BRDA:13,74,2,0
BRDA:13,74,3,0
BRDA:13,75,0,0
BRDA:13,75,1,0
BRDA:13,75,2,0
BRDA:13,75,3,0
BRDA:13,76,0,0
BRDA:13,76,1,0
BRDA:13,77,0,0
BRDA:13,77,1,0
BRDA:13,78,0,0
BRDA:13,78,1,0
BRDA:13,79,0,0
BRDA:13,79,1,0
BRDA:13,80,0,0
BRDA:13,80,1,0
BRDA:13,81,0,0
BRDA:13,81,1,0
BRDA:14,82,0,0
BRDA:14,82,1,0
BRDA:14,83,0,0
BRDA:14,83,1,0
BRDA:14,84,0,0
BRDA:14,84,1,0
BRDA:14,85,0,0
BRDA:14,85,1,0
BRDA:14,86,0,0
BRDA:14,86,1,0
BRDA:14,87,0,0
BRDA:14,87,1,0
BRDA:14,88,0,0
BRDA:14,88,1,0
BRDA:14,88,2,0
BRDA:14,88,3,0
BRDA:14,89,0,0
BRDA:14,89,1,0
BRDA:14,90,0,0
BRDA:14,90,1,0
BRDA:14,91,0,0
BRDA:14,91,1,0
BRDA:14,92,0,0
BRDA:14,92,1,0
BRDA:14,93,0,0
BRDA:14,93,1,0
BRDA:14,94,0,0
BRDA:14,94,1,0
BRDA:14,95,0,0
BRDA:14,95,1,0
BRDA:14,95,2,0
BRDA:14,95,3,0
BRDA:14,95,4,0
BRDA:14,95,5,0
BRDA:15,96,0,0
BRDA:15,96,1,0
BRDA:15,97,0,0
BRDA:15,97,1,0
BRDA:15,98,0,0
BRDA:15,98,1,0
BRDA:15,99,0,0
BRDA:15,99,1,0
BRDA:15,100,0,0
BRDA:15,100,1,0
BRDA:15,101,0,0
BRDA:15,101,1,0
BRDA:15,102,0,0
BRDA:15,102,1,0
BRDA:16,103,0,0
BRDA:16,103,1,0
BRDA:16,104,0,0
BRDA:16,104,1,0
BRDA:16,105,0,0
BRDA:16,105,1,0
BRDA:16,106,0,0
BRDA:16,106,1,0
BRDA:16,107,0,0
BRDA:16,107,1,0
BRDA:16,108,0,0
BRDA:16,108,1,0
BRDA:17,109,0,0
BRDA:17,109,1,0
BRDA:17,110,0,0
BRDA:17,110,1,0
BRDA:17,111,0,0
BRDA:17,111,1,0
BRDA:17,112,0,0
BRDA:17,112,1,0
BRDA:17,113,0,0
BRDA:17,113,1,0
BRDA:17,113,2,0
BRDA:17,114,0,0
BRDA:17,114,1,0
BRDA:17,115,0,0
BRDA:17,115,1,0
BRDA:17,116,0,0
BRDA:17,116,1,0
BRDA:18,117,0,0
BRDA:18,117,1,0
BRDA:18,118,0,0
BRDA:18,118,1,0
BRDA:18,119,0,0
BRDA:18,119,1,0
BRDA:18,120,0,0
BRDA:18,120,1,0
BRDA:18,121,0,0
BRDA:18,121,1,0
BRDA:19,122,0,0
BRDA:19,122,1,0
BRDA:19,123,0,0
BRDA:19,123,1,0
BRDA:19,124,0,0
BRDA:19,124,1,0
BRDA:19,125,0,0
BRDA:19,125,1,0
BRDA:19,126,0,0
BRDA:19,126,1,0
BRDA:19,126,2,0
BRDA:19,127,0,0
BRDA:19,127,1,0
BRDA:19,128,0,0
BRDA:19,128,1,0
BRDA:19,129,0,0
BRDA:19,129,1,0
BRDA:19,130,0,0
BRDA:19,130,1,0
BRDA:19,131,0,0
BRDA:19,131,1,0
BRDA:19,132,0,0
BRDA:19,132,1,0
BRDA:19,133,0,0
BRDA:19,133,1,0
BRDA:19,134,0,0
BRDA:19,134,1,0
BRDA:19,135,0,0
BRDA:19,135,1,0
BRDA:20,136,0,0
BRDA:20,136,1,0
BRDA:20,137,0,0
BRDA:20,137,1,0
BRDA:20,138,0,0
BRDA:20,138,1,0
BRDA:20,139,0,0
BRDA:20,139,1,0
BRDA:20,140,0,0
BRDA:20,140,1,0
BRDA:20,141,0,0
BRDA:20,141,1,0
BRDA:20,141,2,0
BRDA:20,142,0,0
BRDA:20,142,1,0
BRDA:20,143,0,0
BRDA:20,143,1,0
BRDA:20,144,0,0
BRDA:20,144,1,0
BRDA:21,145,0,0
BRDA:21,145,1,0
BRDA:24,146,0,0
BRDA:24,146,1,0
BRDA:24,147,0,0
BRDA:24,147,1,0
BRDA:24,148,0,0
BRDA:24,148,1,0
BRDA:25,149,0,0
BRDA:25,149,1,0
BRDA:25,150,0,0
BRDA:25,150,1,0
BRDA:25,151,0,0
BRDA:25,151,1,0
BRDA:25,152,0,0
BRDA:25,152,1,0
BRDA:25,153,0,0
BRDA:25,153,1,0
BRDA:25,154,0,0
BRDA:25,154,1,0
BRDA:25,155,0,0
BRDA:25,155,1,0
BRDA:25,156,0,0
BRDA:25,156,1,0
BRDA:25,157,0,0
BRDA:25,157,1,0
BRDA:25,158,0,0
BRDA:25,158,1,0
BRDA:26,159,0,0
BRDA:26,159,1,0
BRDA:26,160,0,0
BRDA:26,160,1,0
BRDA:26,161,0,0
BRDA:26,161,1,0
BRDA:27,162,0,0
BRDA:27,162,1,0
BRDA:27,163,0,0
BRDA:27,163,1,0
BRDA:27,164,0,0
BRDA:27,164,1,0
BRDA:27,165,0,0
BRDA:27,165,1,0
BRDA:27,166,0,0
BRDA:27,166,1,0
BRDA:27,167,0,0
BRDA:27,167,1,0
BRDA:27,168,0,0
BRDA:27,168,1,0
BRDA:27,169,0,0
BRDA:27,169,1,0
BRDA:27,170,0,0
BRDA:27,170,1,0
BRDA:27,171,0,0
BRDA:27,171,1,0
BRDA:27,172,0,0
BRDA:27,172,1,0
BRDA:27,173,0,0
BRDA:27,173,1,0
BRDA:28,174,0,0
BRDA:28,174,1,0
BRDA:28,175,0,0
BRDA:28,175,1,0
BRDA:28,176,0,0
BRDA:28,176,1,0
BRDA:28,177,0,0
BRDA:28,177,1,0
BRDA:28,177,2,0
BRDA:28,178,0,0
BRDA:28,178,1,0
BRDA:28,179,0,0
BRDA:28,179,1,0
BRDA:28,180,0,0
BRDA:28,180,1,0
BRDA:28,181,0,0
BRDA:28,181,1,0
BRDA:28,182,0,0
BRDA:28,182,1,0
BRDA:28,183,0,0
BRDA:28,183,1,0
BRDA:28,184,0,0
BRDA:28,184,1,0
BRDA:28,184,2,0
BRDA:28,185,0,0
BRDA:28,185,1,0
BRDA:29,186,0,0
BRDA:29,186,1,0
BRDA:29,187,0,0
BRDA:29,187,1,0
BRDA:29,188,0,0
BRDA:29,188,1,0
BRDA:29,189,0,0
BRDA:29,189,1,0
BRDA:29,190,0,0
BRDA:29,190,1,0
BRDA:29,191,0,0
BRDA:29,191,1,0
BRDA:29,192,0,0
BRDA:29,192,1,0
BRDA:29,192,2,0
BRDA:29,193,0,0
BRDA:29,193,1,0
BRDA:29,194,0,0
BRDA:29,194,1,0
BRDA:30,195,0,0
BRDA:30,195,1,0
BRDA:30,196,0,0
BRDA:30,196,1,0
BRDA:30,196,2,0
BRDA:30,197,0,0
BRDA:30,197,1,0
BRDA:30,197,2,0
BRDA:30,198,0,0
BRDA:30,198,1,0
BRDA:30,199,0,0
BRDA:30,199,1,0
BRDA:30,200,0,0
BRDA:30,200,1,0
BRDA:30,201,0,0
BRDA:30,201,1,0
BRDA:30,202,0,0
BRDA:30,202,1,0
BRDA:31,203,0,0
BRDA:31,203,1,0
BRDA:31,204,0,0
BRDA:31,204,1,0
BRDA:31,205,0,0
BRDA:31,205,1,0
BRDA:31,206,0,0
BRDA:31,206,1,0
BRDA:31,207,0,0
BRDA:31,207,1,0
BRDA:31,208,0,0
BRDA:31,208,1,0
BRDA:31,208,2,0
BRDA:31,209,0,0
BRDA:31,209,1,0
BRDA:32,210,0,0
BRDA:32,210,1,0
BRDA:32,211,0,0
BRDA:32,211,1,0
BRDA:32,212,0,0
BRDA:32,212,1,0
BRDA:32,213,0,0
BRDA:32,213,1,0
BRDA:32,214,0,0
BRDA:32,214,1,0
BRDA:32,215,0,0
BRDA:32,215,1,0
BRDA:32,216,0,0
BRDA:32,216,1,0
BRDA:32,217,0,0
BRDA:32,217,1,0
BRDA:33,218,0,0
BRDA:33,218,1,0
BRDA:33,219,0,0
BRDA:33,219,1,0
BRDA:33,220,0,0
BRDA:33,220,1,0
BRDA:33,221,0,0
BRDA:33,221,1,0
BRDA:33,222,0,0
BRDA:33,222,1,0
BRDA:33,223,0,0
BRDA:33,223,1,0
BRDA:33,224,0,0
BRDA:33,224,1,0
BRDA:33,225,0,0
BRDA:33,225,1,0
BRDA:34,226,0,0
BRDA:34,226,1,0
BRDA:34,226,2,0
BRDA:34,226,3,0
BRDA:34,227,0,0
BRDA:34,227,1,0
BRDA:34,227,2,0
BRDA:34,228,0,0
BRDA:34,228,1,0
BRDA:34,229,0,0
BRDA:34,229,1,0
BRDA:34,230,0,0
BRDA:34,230,1,0
BRDA:34,231,0,0
BRDA:34,231,1,0
BRDA:34,232,0,0
BRDA:34,232,1,0
BRDA:34,233,0,0
BRDA:34,233,1,0
BRDA:35,234,0,0
BRDA:35,234,1,0
BRDA:35,235,0,0
BRDA:35,235,1,0
BRDA:35,236,0,0
BRDA:35,236,1,0
BRDA:35,237,0,0
BRDA:35,237,1,0
BRDA:35,238,0,0
BRDA:35,238,1,0
BRDA:36,239,0,0
BRDA:36,239,1,0
BRDA:37,240,0,0
BRDA:37,240,1,0
BRDA:37,240,2,0
BRDA:37,241,0,0
BRDA:37,241,1,0
BRDA:37,242,0,0
BRDA:37,242,1,0
BRDA:37,243,0,0
BRDA:37,243,1,0
BRDA:37,244,0,0
BRDA:37,244,1,0
BRDA:37,245,0,0
BRDA:37,245,1,0
BRDA:37,246,0,0
BRDA:37,246,1,0
BRDA:38,247,0,0
BRDA:38,247,1,0
BRDA:38,248,0,0
BRDA:38,248,1,0
BRDA:38,249,0,0
BRDA:38,249,1,0
BRDA:39,250,0,0
BRDA:39,250,1,0
BRDA:39,251,0,0
BRDA:39,251,1,0
BRDA:39,252,0,0
BRDA:39,252,1,0
BRDA:39,253,0,0
BRDA:39,253,1,0
BRDA:39,254,0,0
BRDA:39,254,1,0
BRDA:39,255,0,0
BRDA:39,255,1,0
BRDA:39,256,0,0
BRDA:39,256,1,0
BRDA:39,257,0,0
BRDA:39,257,1,0
BRDA:39,258,0,0
BRDA:39,258,1,0
BRDA:39,259,0,0
BRDA:39,259,1,0
BRDA:39,260,0,0
BRDA:39,260,1,0
BRDA:39,261,0,0
BRDA:39,261,1,0
BRDA:40,262,0,0
BRDA:40,262,1,0
BRDA:40,263,0,0
BRDA:40,263,1,0
BRDA:40,264,0,0
BRDA:40,264,1,0
BRDA:40,265,0,0
BRDA:40,265,1,0
BRDA:40,266,0,0
BRDA:40,266,1,0
BRDA:40,267,0,0
BRDA:40,267,1,0
BRDA:41,268,0,0
BRDA:41,268,1,0
BRDA:41,269,0,0
BRDA:41,269,1,0
BRDA:41,270,0,0
BRDA:41,270,1,0
BRDA:41,271,0,0
BRDA:41,271,1,0
BRDA:41,272,0,0
BRDA:41,272,1,0
BRDA:41,273,0,0
BRDA:41,273,1,0
BRDA:41,274,0,0
BRDA:41,274,1,0
BRDA:42,275,0,0
BRDA:42,275,1,0
BRDA:42,276,0,0
BRDA:42,276,1,0
BRDA:42,277,0,0
BRDA:42,277,1,0
BRDA:42,278,0,0
BRDA:42,278,1,0
BRDA:42,279,0,0
BRDA:42,279,1,0
BRDA:42,279,2,0
BRDA:42,280,0,0
BRDA:42,280,1,0
BRDA:42,281,0,0
BRDA:42,281,1,0
BRDA:42,282,0,0
BRDA:42,282,1,0
BRDA:42,283,0,0
BRDA:42,283,1,0
BRDA:42,284,0,0
BRDA:42,284,1,0
BRDA:42,285,0,0
BRDA:42,285,1,0
BRDA:42,286,0,0
BRDA:42,286,1,0
BRDA:42,287,0,0
BRDA:42,287,1,0
BRDA:42,288,0,0
BRDA:42,288,1,0
BRDA:43,289,0,0
BRDA:43,289,1,0
BRDA:43,290,0,0
BRDA:43,290,1,0
BRDA:44,291,0,0
BRDA:44,291,1,0
BRDA:44,292,0,0
BRDA:44,292,1,0
BRDA:44,293,0,0
BRDA:44,293,1,0
BRDA:44,294,0,0
BRDA:44,294,1,0
BRDA:44,294,2,0
BRDA:44,295,0,0
BRDA:44,295,1,0
BRDA:44,296,0,0
BRDA:44,296,1,0
BRDA:44,297,0,0
BRDA:44,297,1,0
BRDA:44,297,2,0
BRDA:44,298,0,0
BRDA:44,298,1,0
BRDA:45,299,0,0
BRDA:45,299,1,0
BRDA:45,300,0,0
BRDA:45,300,1,0
BRDA:45,301,0,0
BRDA:45,301,1,0
BRDA:46,302,0,0
BRDA:46,302,1,0
BRDA:46,302,2,0
BRDA:46,303,0,0
BRDA:46,303,1,0
BRDA:46,304,0,0
BRDA:46,304,1,0
BRDA:46,304,2,0
BRDA:46,305,0,0
BRDA:46,305,1,0
BRDA:46,306,0,0
BRDA:46,306,1,0
BRDA:47,307,0,0
BRDA:47,307,1,0
BRDA:47,308,0,0
BRDA:47,308,1,0
BRDA:47,309,0,0
BRDA:47,309,1,0
BRDA:47,310,0,0
BRDA:47,310,1,0
BRDA:47,311,0,0
BRDA:47,311,1,0
BRDA:47,312,0,0
BRDA:47,312,1,0
BRDA:47,313,0,0
BRDA:47,313,1,0
BRDA:47,314,0,0
BRDA:47,314,1,0
BRDA:47,315,0,0
BRDA:47,315,1,0
BRDA:47,316,0,0
BRDA:47,316,1,0
BRDA:47,316,2,0
BRDA:47,317,0,0
BRDA:47,317,1,0
BRDA:47,318,0,0
BRDA:47,318,1,0
BRDA:47,319,0,0
BRDA:47,319,1,0
BRDA:47,319,2,0
BRDA:47,319,3,0
BRDA:48,320,0,0
BRDA:48,320,1,0
BRDA:48,321,0,0
BRDA:48,321,1,0
BRDA:48,321,2,0
BRDA:48,322,0,0
BRDA:48,322,1,0
BRDA:48,322,2,0
BRDA:48,323,0,0
BRDA:48,323,1,0
BRDA:48,324,0,0
BRDA:48,324,1,0
BRDA:48,325,0,0
BRDA:48,325,1,0
BRDA:48,326,0,0
BRDA:48,326,1,0
BRDA:48,326,2,0
BRDA:48,327,0,0
BRDA:48,327,1,0
BRDA:48,328,0,0
BRDA:48,328,1,0
BRDA:48,328,2,0
BRDA:49,329,0,0
BRDA:49,329,1,0
BRDA:49,330,0,0
BRDA:49,330,1,0
BRDA:49,331,0,0
BRDA:49,331,1,0
BRDA:49,332,0,0
BRDA:49,332,1,0
BRDA:49,333,0,0
BRDA:49,333,1,0
BRDA:49,334,0,0
BRDA:49,334,1,0
BRDA:49,335,0,0
BRDA:49,335,1,0
BRDA:49,336,0,0
BRDA:49,336,1,0
BRDA:49,337,0,0
BRDA:49,337,1,0
BRDA:49,338,0,0
BRDA:49,338,1,0
BRDA:50,339,0,0
BRDA:50,339,1,0
BRDA:50,340,0,0
BRDA:50,340,1,0
BRDA:50,340,2,0
BRDA:50,341,0,0
BRDA:50,341,1,0
BRDA:50,342,0,0
BRDA:50,342,1,0
BRDA:50,343,0,0
BRDA:50,343,1,0
BRDA:50,344,0,0
BRDA:50,344,1,0
BRDA:50,345,0,0
BRDA:50,345,1,0
BRDA:50,346,0,0
BRDA:50,346,1,0
BRDA:50,347,0,0
BRDA:50,347,1,0
BRDA:50,348,0,0
BRDA:50,348,1,0
BRDA:51,349,0,0
BRDA:51,349,1,0
BRDA:51,350,0,0
BRDA:51,350,1,0
BRDA:51,351,0,0
BRDA:51,351,1,0
BRDA:51,352,0,0
BRDA:51,352,1,0
BRDA:51,353,0,0
BRDA:51,353,1,0
BRDA:51,354,0,0
BRDA:51,354,1,0
BRDA:51,355,0,0
BRDA:51,355,1,0
BRDA:51,356,0,0
BRDA:51,356,1,0
BRDA:51,357,0,0
BRDA:51,357,1,0
BRDA:51,357,2,0
BRDA:51,358,0,0
BRDA:51,358,1,0
BRDA:51,359,0,0
BRDA:51,359,1,0
BRDA:51,360,0,0
BRDA:51,360,1,0
BRDA:51,361,0,0
BRDA:51,361,1,0
BRDA:51,362,0,0
BRDA:51,362,1,0
BRDA:52,363,0,0
BRDA:52,363,1,0
BRDA:52,364,0,0
BRDA:52,364,1,0
BRDA:52,365,0,0
BRDA:52,365,1,0
BRDA:52,366,0,0
BRDA:52,366,1,0
BRDA:52,367,0,0
BRDA:52,367,1,0
BRDA:52,367,2,0
BRDA:52,368,0,0
BRDA:52,368,1,0
BRDA:52,369,0,0
BRDA:52,369,1,0
BRDA:52,370,0,0
BRDA:52,370,1,0
BRDA:52,370,2,0
BRDA:52,370,3,0
BRDA:53,371,0,0
BRDA:53,371,1,0
BRDA:53,372,0,0
BRDA:53,372,1,0
BRDA:53,373,0,0
BRDA:53,373,1,0
BRDA:53,374,0,0
BRDA:53,374,1,0
BRDA:53,375,0,0
BRDA:53,375,1,0
BRDA:53,376,0,0
BRDA:53,376,1,0
BRDA:53,377,0,0
BRDA:53,377,1,0
BRDA:53,378,0,0
BRDA:53,378,1,0
BRDA:53,379,0,0
BRDA:53,379,1,0
BRDA:53,380,0,0
BRDA:53,380,1,0
BRDA:53,381,0,0
BRDA:53,381,1,0
BRDA:54,382,0,0
BRDA:54,382,1,0
BRDA:54,383,0,0
BRDA:54,383,1,0
BRDA:54,384,0,0
BRDA:54,384,1,0
BRDA:54,385,0,0
BRDA:54,385,1,0
BRDA:54,386,0,0
BRDA:54,386,1,0
BRDA:54,387,0,0
BRDA:54,387,1,0
BRDA:54,387,2,0
BRDA:54,387,3,0
BRDA:54,388,0,0
BRDA:54,388,1,0
BRDA:54,389,0,0
BRDA:54,389,1,0
BRDA:54,390,0,0
BRDA:54,390,1,0
BRDA:54,391,0,0
BRDA:54,391,1,0
BRDA:55,392,0,0
BRDA:55,392,1,0
BRDA:55,393,0,0
BRDA:55,393,1,0
BRDA:55,394,0,0
BRDA:55,394,1,0
BRDA:55,395,0,0
BRDA:55,395,1,0
BRDA:55,396,0,0
BRDA:55,396,1,0
BRDA:55,397,0,0
BRDA:55,397,1,0
BRDA:55,398,0,0
BRDA:55,398,1,0
BRDA:55,398,2,0
BRDA:55,399,0,0
BRDA:55,399,1,0
BRDA:55,400,0,0
BRDA:55,400,1,0
BRDA:56,401,0,0
BRDA:56,401,1,0
BRDA:56,402,0,0
BRDA:56,402,1,0
BRDA:56,403,0,0
BRDA:56,403,1,0
BRDA:56,404,0,0
BRDA:56,404,1,0
BRDA:56,405,0,0
BRDA:56,405,1,0
BRDA:56,406,0,0
BRDA:56,406,1,0
BRDA:56,407,0,0
BRDA:56,407,1,0
BRDA:56,408,0,0
BRDA:56,408,1,0
BRDA:56,409,0,0
BRDA:56,409,1,0
BRDA:57,410,0,0
BRDA:57,410,1,0
BRDA:57,411,0,0
BRDA:57,411,1,0
BRDA:57,412,0,0
BRDA:57,412,1,0
BRDA:57,413,0,0
BRDA:57,413,1,0
BRDA:57,414,0,0
BRDA:57,414,1,0
BRDA:57,415,0,0
BRDA:57,415,1,0
BRDA:57,416,0,0
BRDA:57,416,1,0
BRDA:57,417,0,0
BRDA:57,417,1,0
BRDA:57,418,0,0
BRDA:57,418,1,0
BRDA:58,419,0,0
BRDA:58,419,1,0
BRDA:58,420,0,0
BRDA:58,420,1,0
BRDA:58,421,0,0
BRDA:58,421,1,0
BRDA:58,421,2,0
BRDA:58,421,3,0
BRDA:58,422,0,0
BRDA:58,422,1,0
BRDA:59,423,0,0
BRDA:59,423,1,0
BRDA:59,424,0,0
BRDA:59,424,1,0
BRDA:59,424,2,0
BRDA:59,425,0,0
BRDA:59,425,1,0
BRDA:59,426,0,0
BRDA:59,426,1,0
BRDA:59,427,0,0
BRDA:59,427,1,0
BRDA:59,428,0,0
BRDA:59,428,1,0
BRDA:59,429,0,0
BRDA:59,429,1,0
BRDA:59,430,0,0
BRDA:59,430,1,0
BRDA:59,430,2,0
BRDA:59,431,0,0
BRDA:59,431,1,0
BRDA:60,432,0,0
BRDA:60,432,1,0
BRDA:60,433,0,0
BRDA:60,433,1,0
BRDA:60,434,0,0
BRDA:60,434,1,0
BRDA:60,435,0,0
BRDA:60,435,1,0
BRDA:60,436,0,0
BRDA:60,436,1,0
BRDA:60,437,0,0
BRDA:60,437,1,0
BRDA:60,438,0,0
BRDA:60,438,1,0
BRDA:61,439,0,0
BRDA:61,439,1,0
BRDA:61,439,2,0
BRDA:61,440,0,0
BRDA:61,440,1,0
BRDA:61,441,0,0
BRDA:61,441,1,0
BRDA:61,442,0,0
BRDA:61,442,1,0
BRDA:61,443,0,0
BRDA:61,443,1,0
BRDA:61,444,0,0
BRDA:61,444,1,0
BRDA:61,445,0,0
BRDA:61,445,1,0
BRDA:61,446,0,0
BRDA:61,446,1,0
BRDA:62,447,0,0
BRDA:62,447,1,0
BRDA:62,448,0,0
BRDA:62,448,1,0
BRDA:62,449,0,0
BRDA:62,449,1,0
BRDA:62,450,0,0
BRDA:62,450,1,0
BRDA:62,451,0,0
BRDA:62,451,1,0
BRDA:62,452,0,0
BRDA:62,452,1,0
BRDA:62,453,0,0
BRDA:62,453,1,0
BRDA:62,453,2,0
BRDA:62,453,3,0
BRDA:62,453,4,0
BRDA:62,453,5,0
BRDA:62,454,0,0
BRDA:62,454,1,0
BRDA:62,455,0,0
BRDA:62,455,1,0
BRDA:62,456,0,0
BRDA:62,456,1,0
BRDA:63,457,0,0
BRDA:63,457,1,0
BRDA:63,458,0,0
BRDA:63,458,1,0
BRDA:63,459,0,0
BRDA:63,459,1,0
BRDA:63,460,0,0
BRDA:63,460,1,0
BRDA:63,461,0,0
BRDA:63,461,1,0
BRDA:63,461,2,0
BRDA:63,462,0,0
BRDA:63,462,1,0
BRDA:63,463,0,0
BRDA:63,463,1,0
BRDA:63,464,0,0
BRDA:63,464,1,0
BRDA:63,465,0,0
BRDA:63,465,1,0
BRDA:64,466,0,0
BRDA:64,466,1,0
BRDA:64,467,0,0
BRDA:64,467,1,0
BRDA:64,468,0,0
BRDA:64,468,1,0
BRDA:64,469,0,0
BRDA:64,469,1,0
BRDA:64,469,2,0
BRDA:64,470,0,0
BRDA:64,470,1,0
BRDA:64,470,2,0
BRDA:65,471,0,0
BRDA:65,471,1,0
BRDA:65,472,0,0
BRDA:65,472,1,0
BRDA:65,473,0,0
BRDA:65,473,1,0
BRDA:65,474,0,0
BRDA:65,474,1,0
BRDA:65,475,0,0
BRDA:65,475,1,0
BRDA:65,476,0,0
BRDA:65,476,1,0
BRDA:65,477,0,0
BRDA:65,477,1,0
BRDA:65,477,2,0
BRDA:65,477,3,0
BRDA:65,478,0,0
BRDA:65,478,1,0
BRDA:65,479,0,0
BRDA:65,479,1,0
BRDA:65,480,0,0
BRDA:65,480,1,0
BRDA:66,481,0,0
BRDA:66,481,1,0
BRDA:66,482,0,0
BRDA:66,482,1,0
BRDA:66,483,0,0
BRDA:66,483,1,0
BRDA:66,484,0,0
BRDA:66,484,1,0
BRDA:66,485,0,0
BRDA:66,485,1,0
BRDA:66,486,0,0
BRDA:66,486,1,0
BRDA:67,487,0,0
BRDA:67,487,1,0
BRDA:67,488,0,0
BRDA:67,488,1,0
BRDA:67,489,0,0
BRDA:67,489,1,0
BRDA:67,490,0,0
BRDA:67,490,1,0
BRDA:67,491,0,0
BRDA:67,491,1,0
BRDA:67,492,0,0
BRDA:67,492,1,0
BRDA:67,493,0,0
BRDA:67,493,1,0
BRDA:67,494,0,0
BRDA:67,494,1,0
BRDA:67,495,0,0
BRDA:67,495,1,0
BRDA:68,496,0,0
BRDA:68,496,1,0
BRDA:68,497,0,0
BRDA:68,497,1,0
BRDA:68,498,0,0
BRDA:68,498,1,0
BRDA:68,499,0,0
BRDA:68,499,1,0
BRDA:68,500,0,0
BRDA:68,500,1,0
BRDA:68,501,0,0
BRDA:68,501,1,0
BRDA:68,502,0,0
BRDA:68,502,1,0
BRDA:68,503,0,0
BRDA:68,503,1,0
BRDA:68,504,0,0
BRDA:68,504,1,0
BRDA:69,505,0,0
BRDA:69,505,1,0
BRDA:69,506,0,0
BRDA:69,506,1,0
BRDA:69,506,2,0
BRDA:69,507,0,0
BRDA:69,507,1,0
BRDA:69,508,0,0
BRDA:69,508,1,0
BRDA:69,508,2,0
BRDA:70,509,0,0
BRDA:70,509,1,0
BRDA:70,510,0,0
BRDA:70,510,1,0
BRDA:70,511,0,0
BRDA:70,511,1,0
BRDA:70,512,0,0
BRDA:70,512,1,0
BRDA:71,513,0,0
BRDA:71,513,1,0
BRDA:71,514,0,0
BRDA:71,514,1,0
BRDA:71,515,0,0
BRDA:71,515,1,0
BRDA:71,516,0,0
BRDA:71,516,1,0
BRDA:71,516,2,0
BRDA:72,517,0,0
BRDA:72,517,1,0
BRDA:72,518,0,0
BRDA:72,518,1,0
BRDA:72,519,0,0
BRDA:72,519,1,0
BRDA:72,520,0,0
BRDA:72,520,1,0
BRDA:73,521,0,0
BRDA:73,521,1,0
BRDA:73,522,0,0
BRDA:73,522,1,0
BRDA:73,523,0,0
BRDA:73,523,1,0
BRDA:73,524,0,0
BRDA:73,524,1,0
BRDA:73,524,2,0
BRDA:73,524,3,0
BRDA:73,524,4,0
BRDA:73,525,0,0
BRDA:73,525,1,0
BRDA:73,526,0,0
BRDA:73,526,1,0
BRDA:73,527,0,0
BRDA:73,527,1,0
BRDA:73,528,0,0
BRDA:73,528,1,0
BRDA:73,529,0,0
BRDA:73,529,1,0
BRDA:73,530,0,0
BRDA:73,530,1,0
BRDA:73,531,0,0
BRDA:73,531,1,0
BRDA:73,532,0,0
BRDA:73,532,1,0
BRDA:74,533,0,0
BRDA:74,533,1,0
BRDA:74,534,0,0
BRDA:74,534,1,0
BRDA:74,535,0,0
BRDA:74,535,1,0
BRDA:74,536,0,0
BRDA:74,536,1,0
BRDA:74,537,0,0
BRDA:74,537,1,0
BRDA:74,537,2,0
BRDA:74,538,0,0
BRDA:74,538,1,0
BRDA:74,539,0,0
BRDA:74,539,1,0
BRDA:74,540,0,0
BRDA:74,540,1,0
BRDA:74,541,0,0
BRDA:74,541,1,0
BRDA:74,542,0,0
BRDA:74,542,1,0
BRDA:74,543,0,0
BRDA:74,543,1,0
BRDA:75,544,0,0
BRDA:75,544,1,0
BRDA:75,545,0,0
BRDA:75,545,1,0
BRDA:75,546,0,0
BRDA:75,546,1,0
BRDA:75,547,0,0
BRDA:75,547,1,0
BRDA:75,547,2,0
BRDA:76,548,0,0
BRDA:76,548,1,0
BRDA:76,549,0,0
BRDA:76,549,1,0
BRDA:76,550,0,0
BRDA:76,550,1,0
BRDA:76,550,2,0
BRDA:76,551,0,0
BRDA:76,551,1,0
BRDA:77,552,0,0
BRDA:77,552,1,0
BRDA:77,553,0,0
BRDA:77,553,1,0
BRDA:77,554,0,0
BRDA:77,554,1,0
BRDA:77,554,2,0
BRDA:77,555,0,0
BRDA:77,555,1,0
BRDA:77,556,0,0
BRDA:77,556,1,0
BRDA:77,557,0,0
BRDA:77,557,1,0
BRDA:77,558,0,0
BRDA:77,558,1,0
BRDA:77,559,0,0
BRDA:77,559,1,0
BRDA:77,560,0,0
BRDA:77,560,1,0
BRDA:77,561,0,0
BRDA:77,561,1,0
BRDA:77,562,0,0
BRDA:77,562,1,0
BRDA:77,563,0,0
BRDA:77,563,1,0
BRDA:78,564,0,0
BRDA:78,564,1,0
BRDA:78,565,0,0
BRDA:78,565,1,0
BRDA:78,566,0,0
BRDA:78,566,1,0
BRDA:78,567,0,0
BRDA:78,567,1,0
BRDA:78,568,0,0
BRDA:78,568,1,0
BRDA:78,569,0,0
BRDA:78,569,1,0
BRDA:78,570,0,0
BRDA:78,570,1,0
BRDA:78,570,2,0
BRDA:78,571,0,0
BRDA:78,571,1,0
BRDA:78,572,0,0
BRDA:78,572,1,0
BRDA:79,573,0,0
BRDA:79,573,1,0
BRDA:79,574,0,0
BRDA:79,574,1,0
BRDA:79,575,0,0
BRDA:79,575,1,0
BRDA:79,576,0,0
BRDA:79,576,1,0
BRDA:79,577,0,0
BRDA:79,577,1,0
BRDA:79,577,2,0
BRDA:79,578,0,0
BRDA:79,578,1,0
BRDA:79,579,0,0
BRDA:79,579,1,0
BRDA:79,580,0,0
BRDA:79,580,1,0
BRDA:79,581,0,0
BRDA:79,581,1,0
BRDA:79,582,0,0
BRDA:79,582,1,0
BRDA:80,583,0,0
BRDA:80,583,1,0
BRDA:80,584,0,0
BRDA:80,584,1,0
BRDA:80,585,0,0
BRDA:80,585,1,0
BRDA:80,586,0,0
BRDA:80,586,1,0
BRDA:80,587,0,0
BRDA:80,587,1,0
BRDA:80,588,0,0
BRDA:80,588,1,0
BRDA:80,589,0,0
BRDA:80,589,1,0
BRDA:80,590,0,0
BRDA:80,590,1,0
BRDA:80,591,0,0
BRDA:80,591,1,0
BRDA:80,592,0,0
BRDA:80,592,1,0
BRDA:80,592,2,0
BRDA:81,593,0,0
BRDA:81,593,1,0
BRDA:81,594,0,0
BRDA:81,594,1,0
BRDA:81,595,0,0
BRDA:81,595,1,0
BRDA:81,595,2,0
BRDA:81,596,0,0
BRDA:81,596,1,0
BRDA:81,597,0,0
BRDA:81,597,1,0
BRDA:81,598,0,0
BRDA:81,598,1,0
BRDA:83,599,0,0
BRDA:83,599,1,0
BRDA:84,600,0,0
BRDA:84,600,1,0
BRDA:84,600,2,0
BRDA:84,601,0,0
BRDA:84,601,1,0
BRDA:84,602,0,0
BRDA:84,602,1,0
BRDA:84,603,0,0
BRDA:84,603,1,0
BRDA:84,604,0,0
BRDA:84,604,1,0
BRDA:84,604,2,0
BRDA:84,605,0,0
BRDA:84,605,1,0
BRDA:85,606,0,0
BRDA:85,606,1,0
BRDA:85,607,0,0
BRDA:85,607,1,0
BRDA:85,608,0,0
BRDA:85,608,1,0
BRDA:85,609,0,0
BRDA:85,609,1,0
BRDA:85,610,0,0
BRDA:85,610,1,0
BRDA:85,611,0,0
BRDA:85,611,1,0
BRDA:86,612,0,0
BRDA:86,612,1,0
BRDA:86,613,0,0
BRDA:86,613,1,0
BRDA:86,614,0,0
BRDA:86,614,1,0
BRDA:86,615,0,0
BRDA:86,615,1,0
BRDA:86,616,0,0
BRDA:86,616,1,0
BRDA:86,617,0,0
BRDA:86,617,1,0
BRDA:86,618,0,0
BRDA:86,618,1,0
BRDA:86,619,0,0
BRDA:86,619,1,0
BRDA:86,620,0,0
BRDA:86,620,1,0
BRDA:86,621,0,0
BRDA:86,621,1,0
BRDA:86,622,0,0
BRDA:86,622,1,0
BRDA:86,623,0,0
BRDA:86,623,1,0
BRDA:86,624,0,0
BRDA:86,624,1,0
BRDA:87,625,0,0
BRDA:87,625,1,0
BRDA:87,626,0,0
BRDA:87,626,1,0
BRDA:87,627,0,0
BRDA:87,627,1,0
BRDA:87,628,0,0
BRDA:87,628,1,0
BRDA:87,629,0,0
BRDA:87,629,1,0
BRDA:87,630,0,0
BRDA:87,630,1,0
BRDA:87,631,0,0
BRDA:87,631,1,0
BRDA:87,632,0,0
BRDA:87,632,1,0
BRDA:88,633,0,0
BRDA:88,633,1,0
BRDA:88,634,0,0
BRDA:88,634,1,0
BRDA:88,635,0,0
BRDA:88,635,1,0
BRDA:88,636,0,0
BRDA:88,636,1,0
BRDA:88,637,0,0
BRDA:88,637,1,0
BRDA:88,638,0,0
BRDA:88,638,1,0
BRDA:89,639,0,0
BRDA:89,639,1,0
BRDA:89,640,0,0
BRDA:89,640,1,0
BRDA:89,640,2,0
BRDA:89,641,0,0
BRDA:89,641,1,0
BRDA:89,642,0,0
BRDA:89,642,1,0
BRDA:89,643,0,0
BRDA:89,643,1,0
BRDA:89,643,2,0
BRDA:89,644,0,0
BRDA:89,644,1,0
BRDA:89,645,0,0
BRDA:89,645,1,0
BRDA:89,646,0,0
BRDA:89,646,1,0
BRDA:89,647,0,0
BRDA:89,647,1,0
BRDA:89,648,0,0
BRDA:89,648,1,0
BRDA:89,649,0,0
BRDA:89,649,1,0
BRDA:90,650,0,0
BRDA:90,650,1,0
BRDA:90,651,0,0
BRDA:90,651,1,0
BRDA:90,652,0,0
BRDA:90,652,1,0
BRDA:90,653,0,0
BRDA:90,653,1,0
BRDA:90,653,2,0
BRDA:90,653,3,0
BRDA:90,653,4,0
BRDA:90,654,0,0
BRDA:90,654,1,0
BRDA:90,655,0,0
BRDA:90,655,1,0
BRDA:90,656,0,0
BRDA:90,656,1,0
BRDA:90,657,0,0
BRDA:90,657,1,0
BRDA:90,658,0,0
BRDA:90,658,1,0
BRDA:91,659,0,0
BRDA:91,659,1,0
BRDA:91,659,2,0
BRDA:91,660,0,0
BRDA:91,660,1,0
BRDA:91,661,0,0
BRDA:91,661,1,0
BRDA:91,662,0,0
BRDA:91,662,1,0
BRDA:91,663,0,0
BRDA:91,663,1,0
BRDA:91,664,0,0
BRDA:91,664,1,0
BRDA:91,665,0,0
BRDA:91,665,1,0
BRDA:91,666,0,0
BRDA:91,666,1,0
BRDA:92,667,0,0
BRDA:92,667,1,0
BRDA:92,668,0,0
BRDA:92,668,1,0
BRDA:92,668,2,0
BRDA:92,669,0,0
BRDA:92,669,1,0
BRDA:92,670,0,0
BRDA:92,670,1,0
BRDA:92,671,0,0
BRDA:92,671,1,0
BRDA:92,672,0,0
BRDA:92,672,1,0
BRDA:92,673,0,0
BRDA:92,673,1,0
BRDA:92,673,2,0
BRDA:92,673,3,0
BRDA:92,673,4,0
BRDA:93,674,0,0
BRDA:93,674,1,0
BRDA:93,675,0,0
BRDA:93,675,1,0
BRDA:93,676,0,0
BRDA:93,676,1,0
BRDA:93,677,0,0
BRDA:93,677,1,0
BRDA:93,677,2,0
BRDA:93,677,3,0
BRDA:93,678,0,0
BRDA:93,678,1,0
BRDA:93,679,0,0
BRDA:93,679,1,0
BRDA:93,679,2,0
BRDA:93,679,3,0
BRDA:93,679,4,0
BRDA:93,680,0,0
BRDA:93,680,1,0
BRDA:93,681,0,0
BRDA:93,681,1,0
BRDA:93,682,0,0
BRDA:93,682,1,0
BRDA:93,683,0,0
BRDA:93,683,1,0
BRDA:93,683,2,0
BRDA:93,684,0,0
BRDA:93,684,1,0
BRDA:94,685,0,0
BRDA:94,685,1,0
BRDA:94,686,0,0
BRDA:94,686,1,0
BRDA:94,687,0,0
BRDA:94,687,1,0
BRDA:94,688,0,0
BRDA:94,688,1,0
BRDA:94,689,0,0
BRDA:94,689,1,0
BRDA:94,690,0,0
BRDA:94,690,1,0
BRDA:94,690,2,0
BRDA:94,691,0,0
BRDA:94,691,1,0
BRDA:94,692,0,0
BRDA:94,692,1,0
BRDA:94,693,0,0
BRDA:94,693,1,0
BRDA:94,694,0,0
BRDA:94,694,1,0
BRDA:94,694,2,0
BRDA:94,695,0,0
BRDA:94,695,1,0
BRDA:94,696,0,0
BRDA:94,696,1,0
BRDA:94,697,0,0
BRDA:94,697,1,0
BRDA:94,698,0,0
BRDA:94,698,1,0
BRDA:94,698,2,0
BRDA:95,699,0,0
BRDA:95,699,1,0
BRDA:95,700,0,0
BRDA:95,700,1,0
BRDA:95,701,0,0
BRDA:95,701,1,0
BRDA:95,702,0,0
BRDA:95,702,1,0
BRDA:95,702,2,0
BRDA:95,703,0,0
BRDA:95,703,1,0
BRDA:95,704,0,0
BRDA:95,704,1,0
BRDA:95,705,0,0
BRDA:95,705,1,0
BRDA:95,706,0,0
BRDA:95,706,1,0
BRDA:95,706,2,0
BRDA:95,707,0,0
BRDA:95,707,1,0
BRDA:95,708,0,0
BRDA:95,708,1,0
BRDA:95,709,0,0
BRDA:95,709,1,0
BRDA:95,710,0,0
BRDA:95,710,1,0
BRDA:95,711,0,0
BRDA:95,711,1,0
BRDA:95,712,0,0
BRDA:95,712,1,0
BRDA:95,713,0,0
BRDA:95,713,1,0
BRDA:95,714,0,0
BRDA:95,714,1,0
BRDA:95,715,0,0
BRDA:95,715,1,0
BRDA:96,716,0,0
BRDA:96,716,1,0
BRDA:96,717,0,0
BRDA:96,717,1,0
BRDA:96,718,0,0
BRDA:96,718,1,0
BRDA:96,719,0,0
BRDA:96,719,1,0
BRDA:96,720,0,0
BRDA:96,720,1,0
BRDA:96,721,0,0
BRDA:96,721,1,0
BRDA:96,722,0,0
BRDA:96,722,1,0
BRDA:96,723,0,0
BRDA:96,723,1,0
BRDA:96,724,0,0
BRDA:96,724,1,0
BRDA:96,725,0,0
BRDA:96,725,1,0
BRDA:96,726,0,0
BRDA:96,726,1,0
BRDA:96,727,0,0
BRDA:96,727,1,0
BRDA:96,728,0,0
BRDA:96,728,1,0
BRDA:96,729,0,0
BRDA:96,729,1,0
BRDA:96,730,0,0
BRDA:96,730,1,0
BRDA:96,731,0,0
BRDA:96,731,1,0
BRDA:96,732,0,0
BRDA:96,732,1,0
BRDA:97,733,0,0
BRDA:97,733,1,0
BRDA:97,734,0,0
BRDA:97,734,1,0
BRDA:97,735,0,0
BRDA:97,735,1,0
BRDA:98,736,0,0
BRDA:98,736,1,0
BRDA:98,737,0,0
BRDA:98,737,1,0
BRDA:98,738,0,0
BRDA:98,738,1,0
BRDA:98,739,0,0
BRDA:98,739,1,0
BRDA:98,739,2,0
BRDA:99,740,0,0
BRDA:99,740,1,0
BRDA:99,740,2,0
BRDA:99,741,0,0
BRDA:99,741,1,0
BRDA:99,742,0,0
BRDA:99,742,1,0
BRDA:100,743,0,0
BRDA:100,743,1,0
BRDA:100,744,0,0
BRDA:100,744,1,0
BRDA:100,745,0,0
BRDA:100,745,1,0
BRDA:100,746,0,0
BRDA:100,746,1,0
BRDA:100,747,0,0
BRDA:100,747,1,0
BRDA:100,748,0,0
BRDA:100,748,1,0
BRDA:101,749,0,0
BRDA:101,749,1,0
BRDA:101,750,0,0
BRDA:101,750,1,0
BRDA:101,751,0,0
BRDA:101,751,1,0
BRDA:101,752,0,0
BRDA:101,752,1,0
BRDA:101,753,0,0
BRDA:101,753,1,0
BRDA:101,754,0,0
BRDA:101,754,1,0
BRDA:101,755,0,0
BRDA:101,755,1,0
BRDA:101,756,0,0
BRDA:101,756,1,0
BRDA:102,757,0,0
BRDA:102,757,1,0
BRDA:102,758,0,0
BRDA:102,758,1,0
BRDA:102,759,0,0
BRDA:102,759,1,0
BRDA:102,760,0,0
BRDA:102,760,1,0
BRDA:103,761,0,0
BRDA:103,761,1,0
BRDA:103,762,0,0
BRDA:103,762,1,0
BRDA:103,763,0,0
BRDA:103,763,1,0
BRDA:103,764,0,0
BRDA:103,764,1,0
BRDA:103,765,0,0
BRDA:103,765,1,0
BRDA:103,766,0,0
BRDA:103,766,1,0
BRDA:103,767,0,0
BRDA:103,767,1,0
BRDA:103,768,0,0
BRDA:103,768,1,0
BRDA:103,769,0,0
BRDA:103,769,1,0
BRDA:103,769,2,0
BRDA:104,770,0,0
BRDA:104,770,1,0
BRDA:104,770,2,0
BRDA:104,770,3,0
BRDA:104,771,0,0
BRDA:104,771,1,0
BRDA:104,772,0,0
BRDA:104,772,1,0
BRDA:105,773,0,0
BRDA:105,773,1,0
BRDA:105,774,0,0
BRDA:105,774,1,0
BRDA:106,775,0,0
BRDA:106,775,1,0
BRDA:106,776,0,0
BRDA:106,776,1,0
BRDA:107,777,0,0
BRDA:107,777,1,0
BRDA:107,778,0,0
BRDA:107,778,1,0
BRDA:107,779,0,0
BRDA:107,779,1,0
BRDA:107,780,0,0
BRDA:107,780,1,0
BRDA:107,781,0,0
BRDA:107,781,1,0
BRDA:107,782,0,0
BRDA:107,782,1,0
BRDA:108,783,0,0
BRDA:108,783,1,0
BRDA:108,784,0,0
BRDA:108,784,1,0
BRDA:108,785,0,0
BRDA:108,785,1,0
BRDA:108,785,2,0
BRDA:108,785,3,0
BRDA:108,786,0,0
BRDA:108,786,1,0
BRDA:108,787,0,0
BRDA:108,787,1,0
BRDA:108,788,0,0
BRDA:108,788,1,0
BRDA:108,789,0,0
BRDA:108,789,1,0
BRDA:108,790,0,0
BRDA:108,790,1,0
BRDA:108,791,0,0
BRDA:108,791,1,0
BRDA:108,791,2,0
BRDA:109,792,0,0
BRDA:109,792,1,0
BRDA:109,793,0,0
BRDA:109,793,1,0
BRDA:109,794,0,0
BRDA:109,794,1,0
BRDA:109,795,0,0
BRDA:109,795,1,0
BRDA:109,796,0,0
BRDA:109,796,1,0
BRDA:109,797,0,0
BRDA:109,797,1,0
BRDA:111,798,0,0
BRDA:111,798,1,0
BRDA:109,799,0,0
BRDA:109,799,1,0
BRDA:109,800,0,0
BRDA:109,800,1,0
BRDA:109,801,0,0
BRDA:109,801,1,0
BRDA:109,802,0,0
BRDA:109,802,1,0
BRDA:110,803,0,0
BRDA:110,803,1,0
BRDA:110,804,0,0
BRDA:110,804,1,0
BRDA:110,804,2,0
BRDA:110,804,3,0
BRDA:110,805,0,0
BRDA:110,805,1,0
BRDA:110,806,0,0
BRDA:110,806,1,0
BRDA:110,807,0,0
BRDA:110,807,1,0
BRDA:110,808,0,0
BRDA:110,808,1,0
BRDA:110,809,0,0
BRDA:110,809,1,0
BRDA:110,810,0,0
BRDA:110,810,1,0
BRDA:110,811,0,0
BRDA:110,811,1,0
BRDA:110,812,0,0
BRDA:110,812,1,0
BRDA:110,813,0,0
BRDA:110,813,1,0
BRDA:110,813,2,0
BRDA:110,814,0,0
BRDA:110,814,1,0
BRDA:110,815,0,0
BRDA:110,815,1,0
BRDA:110,816,0,0
BRDA:110,816,1,0
BRDA:110,816,2,0
BRDA:111,817,0,0
BRDA:111,817,1,0
BRDA:111,818,0,0
BRDA:111,818,1,0
BRDA:111,819,0,0
BRDA:111,819,1,0
BRDA:111,820,0,0
BRDA:111,820,1,0
BRDA:111,821,0,0
BRDA:111,821,1,0
BRDA:111,822,0,0
BRDA:111,822,1,0
BRDA:112,823,0,0
BRDA:112,823,1,0
BRDA:112,823,2,0
BRDA:112,824,0,0
BRDA:112,824,1,0
BRDA:113,825,0,0
BRDA:113,825,1,0
BRDA:113,826,0,0
BRDA:113,826,1,0
BRDA:114,827,0,0
BRDA:114,827,1,0
BRDA:114,828,0,0
BRDA:114,828,1,0
BRDA:114,829,0,0
BRDA:114,829,1,0
BRDA:114,830,0,0
BRDA:114,830,1,0
BRDA:114,831,0,0
BRDA:114,831,1,0
BRDA:115,832,0,0
BRDA:115,832,1,0
BRDA:115,833,0,0
BRDA:115,833,1,0
BRDA:115,833,2,0
BRDA:115,833,3,0
BRDA:115,834,0,0
BRDA:115,834,1,0
BRDA:115,835,0,0
BRDA:115,835,1,0
BRDA:115,836,0,0
BRDA:115,836,1,0
BRDA:115,837,0,0
BRDA:115,837,1,0
BRDA:115,838,0,0
BRDA:115,838,1,0
BRDA:115,839,0,0
BRDA:115,839,1,0
BRDA:116,840,0,0
BRDA:116,840,1,0
BRDA:116,841,0,0
BRDA:116,841,1,0
BRDA:116,842,0,0
BRDA:116,842,1,0
BRDA:116,843,0,0
BRDA:116,843,1,0
BRDA:116,844,0,0
BRDA:116,844,1,0
BRDA:116,845,0,0
BRDA:116,845,1,0
BRDA:116,846,0,0
BRDA:116,846,1,0
BRDA:117,847,0,0
BRDA:117,847,1,0
BRDA:117,848,0,0
BRDA:117,848,1,0
BRDA:117,849,0,0
BRDA:117,849,1,0
BRDA:117,850,0,0
BRDA:117,850,1,0
BRDA:118,851,0,0
BRDA:118,851,1,0
BRDA:118,852,0,0
BRDA:118,852,1,0
BRDA:118,853,0,0
BRDA:118,853,1,0
BRDA:118,854,0,0
BRDA:118,854,1,0
BRDA:118,854,2,0
BRDA:118,855,0,0
BRDA:118,855,1,0
BRDA:118,856,0,0
BRDA:118,856,1,0
BRDA:118,857,0,0
BRDA:118,857,1,0
BRDA:118,857,2,0
BRDA:118,858,0,0
BRDA:118,858,1,0
BRDA:118,859,0,0
BRDA:118,859,1,0
BRDA:118,860,0,0
BRDA:118,860,1,0
BRDA:118,861,0,0
BRDA:118,861,1,0
BRDA:119,862,0,0
BRDA:119,862,1,0
BRDA:119,863,0,0
BRDA:119,863,1,0
BRDA:119,864,0,0
BRDA:119,864,1,0
BRDA:119,865,0,0
BRDA:119,865,1,0
BRDA:119,866,0,0
BRDA:119,866,1,0
BRDA:119,867,0,0
BRDA:119,867,1,0
BRDA:119,868,0,0
BRDA:119,868,1,0
BRDA:119,869,0,0
BRDA:119,869,1,0
BRDA:119,870,0,0
BRDA:119,870,1,0
BRDA:119,871,0,0
BRDA:119,871,1,0
BRDA:119,872,0,0
BRDA:119,872,1,0
BRDA:119,872,2,0
BRDA:120,873,0,0
BRDA:120,873,1,0
BRDA:120,874,0,0
BRDA:120,874,1,0
BRDA:120,875,0,0
BRDA:120,875,1,0
BRDA:121,876,0,0
BRDA:121,876,1,0
BRDA:121,877,0,0
BRDA:121,877,1,0
BRDA:121,878,0,0
BRDA:121,878,1,0
BRDA:121,879,0,0
BRDA:121,879,1,0
BRDA:121,880,0,0
BRDA:121,880,1,0
BRDA:121,881,0,0
BRDA:121,881,1,0
BRDA:121,882,0,0
BRDA:121,882,1,0
BRDA:121,883,0,0
BRDA:121,883,1,0
BRDA:121,884,0,0
BRDA:121,884,1,0
BRDA:121,885,0,0
BRDA:121,885,1,0
BRDA:121,886,0,0
BRDA:121,886,1,0
BRDA:122,887,0,0
BRDA:122,887,1,0
BRDA:122,887,2,0
BRDA:122,887,3,0
BRDA:122,888,0,0
BRDA:122,888,1,0
BRDA:122,888,2,0
BRDA:122,888,3,0
BRDA:122,889,0,0
BRDA:122,889,1,0
BRDA:122,889,2,0
BRDA:122,890,0,0
BRDA:122,890,1,0
BRDA:122,891,0,0
BRDA:122,891,1,0
BRDA:122,892,0,0
BRDA:122,892,1,0
BRDA:123,893,0,0
BRDA:123,893,1,0
BRDA:123,894,0,0
BRDA:123,894,1,0
BRDA:123,895,0,0
BRDA:123,895,1,0
BRDA:123,896,0,0
BRDA:123,896,1,0
BRDA:123,897,0,0
BRDA:123,897,1,0
BRDA:123,898,0,0
BRDA:123,898,1,0
BRDA:124,899,0,0
BRDA:124,899,1,0
BRDA:124,900,0,0
BRDA:124,900,1,0
BRDA:124,901,0,0
BRDA:124,901,1,0
BRDA:124,902,0,0
BRDA:124,902,1,0
BRDA:124,903,0,0
BRDA:124,903,1,0
BRDA:124,904,0,0
BRDA:124,904,1,0
BRDA:125,905,0,0
BRDA:125,905,1,0
BRDA:125,906,0,0
BRDA:125,906,1,0
BRDA:125,907,0,0
BRDA:125,907,1,0
BRDA:125,908,0,0
BRDA:125,908,1,0
BRDA:125,909,0,0
BRDA:125,909,1,0
BRDA:125,910,0,0
BRDA:125,910,1,0
BRDA:125,911,0,0
BRDA:125,911,1,0
BRDA:125,911,2,0
BRDA:125,911,3,0
BRDA:125,912,0,0
BRDA:125,912,1,0
BRDA:125,913,0,0
BRDA:125,913,1,0
BRDA:125,913,2,0
BRDA:126,914,0,0
BRDA:126,914,1,0
BRDA:126,915,0,0
BRDA:126,915,1,0
BRDA:126,916,0,0
BRDA:126,916,1,0
BRDA:126,916,2,0
BRDA:126,916,3,0
BRDA:126,916,4,0
BRDA:126,916,5,0
BRDA:126,917,0,0
BRDA:126,917,1,0
BRDA:126,918,0,0
BRDA:126,918,1,0
BRDA:126,919,0,0
BRDA:126,919,1,0
BRDA:126,920,0,0
BRDA:126,920,1,0
BRDA:126,921,0,0
BRDA:126,921,1,0
BRDA:126,921,2,0
BRDA:126,921,3,0
BRDA:126,921,4,0
BRDA:126,921,5,0
BRDA:127,922,0,0
BRDA:127,922,1,0
BRDA:127,923,0,0
BRDA:127,923,1,0
BRDA:127,924,0,0
BRDA:127,924,1,0
BRDA:127,925,0,0
BRDA:127,925,1,0
BRDA:127,926,0,0
BRDA:127,926,1,0
BRDA:128,927,0,0
BRDA:128,927,1,0
BRDA:128,928,0,0
BRDA:128,928,1,0
BRDA:128,928,2,0
BRDA:128,929,0,0
BRDA:128,929,1,0
BRDA:128,930,0,0
BRDA:128,930,1,0
BRDA:128,931,0,0
BRDA:128,931,1,0
BRDA:128,931,2,0
BRDA:128,932,0,0
BRDA:128,932,1,0
BRDA:128,933,0,0
BRDA:128,933,1,0
BRDA:128,933,2,0
BRDA:128,933,3,0
BRDA:128,934,0,0
BRDA:128,934,1,0
BRDA:128,935,0,0
BRDA:128,935,1,0
BRDA:128,936,0,0
BRDA:128,936,1,0
BRDA:128,937,0,0
BRDA:128,937,1,0
BRDA:129,938,0,0
BRDA:129,938,1,0
BRDA:129,938,2,0
BRDA:129,939,0,0
BRDA:129,939,1,0
BRDA:129,939,2,0
BRDA:129,940,0,0
BRDA:129,940,1,0
BRDA:129,940,2,0
BRDA:129,941,0,0
BRDA:129,941,1,0
BRDA:129,942,0,0
BRDA:129,942,1,0
BRDA:129,943,0,0
BRDA:129,943,1,0
BRDA:129,944,0,0
BRDA:129,944,1,0
BRDA:129,945,0,0
BRDA:129,945,1,0
BRDA:129,946,0,0
BRDA:129,946,1,0
BRDA:129,947,0,0
BRDA:129,947,1,0
BRDA:129,948,0,0
BRDA:129,948,1,0
BRDA:129,948,2,0
BRDA:130,949,0,0
BRDA:130,949,1,0
BRDA:130,950,0,0
BRDA:130,950,1,0
BRDA:130,951,0,0
BRDA:130,951,1,0
BRDA:130,952,0,0
BRDA:130,952,1,0
BRDA:130,953,0,0
BRDA:130,953,1,0
BRDA:130,954,0,0
BRDA:130,954,1,0
BRDA:130,955,0,0
BRDA:130,955,1,0
BRDA:130,956,0,0
BRDA:130,956,1,0
BRDA:130,957,0,0
BRDA:130,957,1,0
BRDA:131,958,0,0
BRDA:131,958,1,0
BRDA:131,959,0,0
BRDA:131,959,1,0
BRDA:131,960,0,0
BRDA:131,960,1,0
BRDA:131,961,0,0
BRDA:131,961,1,0
BRDA:131,962,0,0
BRDA:131,962,1,0
BRDA:131,963,0,0
BRDA:131,963,1,0
BRDA:131,964,0,0
BRDA:131,964,1,0
BRDA:131,965,0,0
BRDA:131,965,1,0
BRDA:131,966,0,0
BRDA:131,966,1,0
BRDA:131,967,0,0
BRDA:131,967,1,0
BRDA:131,968,0,0
BRDA:131,968,1,0
BRDA:132,969,0,0
BRDA:132,969,1,0
BRDA:132,970,0,0
BRDA:132,970,1,0
BRDA:132,971,0,0
BRDA:132,971,1,0
BRDA:132,972,0,0
BRDA:132,972,1,0
BRDA:132,973,0,0
BRDA:132,973,1,0
BRDA:132,974,0,0
BRDA:132,974,1,0
BRDA:132,975,0,0
BRDA:132,975,1,0
BRDA:132,976,0,0
BRDA:132,976,1,0
BRDA:132,977,0,0
BRDA:132,977,1,0
BRDA:132,978,0,0
BRDA:132,978,1,0
BRDA:132,979,0,0
BRDA:132,979,1,0
BRDA:132,980,0,0
BRDA:132,980,1,0
BRDA:132,981,0,0
BRDA:132,981,1,0
BRDA:132,982,0,0
BRDA:132,982,1,0
BRDA:132,983,0,0
BRDA:132,983,1,0
BRDA:132,984,0,0
BRDA:132,984,1,0
BRDA:132,985,0,0
BRDA:132,985,1,0
BRDA:132,986,0,0
BRDA:132,986,1,0
BRDA:132,987,0,0
BRDA:132,987,1,0
BRDA:133,988,0,0
BRDA:133,988,1,0
BRDA:133,989,0,0
BRDA:133,989,1,0
BRDA:133,990,0,0
BRDA:133,990,1,0
BRDA:133,991,0,0
BRDA:133,991,1,0
BRDA:133,992,0,0
BRDA:133,992,1,0
BRDA:133,993,0,0
BRDA:133,993,1,0
BRDA:134,994,0,0
BRDA:134,994,1,0
BRDA:134,995,0,0
BRDA:134,995,1,0
BRDA:134,996,0,0
BRDA:134,996,1,0
BRDA:134,997,0,0
BRDA:134,997,1,0
BRDA:134,998,0,0
BRDA:134,998,1,0
BRDA:134,998,2,0
BRDA:134,999,0,0
BRDA:134,999,1,0
BRDA:134,1000,0,0
BRDA:134,1000,1,0
BRDA:134,1001,0,0
BRDA:134,1001,1,0
BRDA:134,1002,0,0
BRDA:134,1002,1,0
BRDA:135,1003,0,0
BRDA:135,1003,1,0
BRDA:135,1004,0,0
BRDA:135,1004,1,0
BRDA:135,1005,0,0
BRDA:135,1005,1,0
BRDA:135,1006,0,0
BRDA:135,1006,1,0
BRDA:136,1007,0,0
BRDA:136,1007,1,0
BRDA:136,1008,0,0
BRDA:136,1008,1,0
BRDA:136,1009,0,0
BRDA:136,1009,1,0
BRDA:136,1010,0,0
BRDA:136,1010,1,0
BRDA:136,1011,0,0
BRDA:136,1011,1,0
BRDA:136,1011,2,0
BRDA:136,1012,0,0
BRDA:136,1012,1,0
BRDA:136,1013,0,0
BRDA:136,1013,1,0
BRDA:136,1014,0,0
BRDA:136,1014,1,0
BRDA:136,1015,0,0
BRDA:136,1015,1,0
BRDA:136,1015,2,0
BRDA:136,1016,0,0
BRDA:136,1016,1,0
BRDA:137,1017,0,0
BRDA:137,1017,1,0
BRDA:137,1018,0,0
BRDA:137,1018,1,0
BRDA:137,1019,0,0
BRDA:137,1019,1,0
BRDA:137,1020,0,0
BRDA:137,1020,1,0
BRDA:137,1021,0,0
BRDA:137,1021,1,0
BRDA:137,1021,2,0
BRDA:137,1022,0,0
BRDA:137,1022,1,0
BRDA:137,1023,0,0
BRDA:137,1023,1,0
BRDA:137,1024,0,0
BRDA:137,1024,1,0
BRDA:137,1025,0,0
BRDA:137,1025,1,0
BRDA:137,1025,2,0
BRDA:137,1025,3,0
BRDA:137,1025,4,0
BRDA:137,1025,5,0
BRDA:137,1026,0,0
BRDA:137,1026,1,0
BRDA:137,1027,0,0
BRDA:137,1027,1,0
BRDA:138,1028,0,0
BRDA:138,1028,1,0
BRDA:138,1029,0,0
BRDA:138,1029,1,0
BRDA:138,1030,0,0
BRDA:138,1030,1,0
BRDA:138,1031,0,0
BRDA:138,1031,1,0
BRDA:138,1032,0,0
BRDA:138,1032,1,0
BRDA:138,1033,0,0
BRDA:138,1033,1,0
BRDA:138,1034,0,0
BRDA:138,1034,1,0
BRDA:138,1035,0,0
BRDA:138,1035,1,0
BRDA:138,1036,0,0
BRDA:138,1036,1,0
BRDA:139,1037,0,0
BRDA:139,1037,1,0
BRDA:139,1038,0,0
BRDA:139,1038,1,0
BRDA:139,1039,0,0
BRDA:139,1039,1,0
BRDA:139,1040,0,0
BRDA:139,1040,1,0
BRDA:139,1041,0,0
BRDA:139,1041,1,0
BRDA:139,1042,0,0
BRDA:139,1042,1,0
BRDA:140,1043,0,0
BRDA:140,1043,1,0
BRDA:140,1044,0,0
BRDA:140,1044,1,0
BRDA:140,1045,0,0
BRDA:140,1045,1,0
BRDA:140,1046,0,0
BRDA:140,1046,1,0
BRDA:140,1047,0,0
BRDA:140,1047,1,0
BRDA:140,1048,0,0
BRDA:140,1048,1,0
BRDA:140,1049,0,0
BRDA:140,1049,1,0
BRDA:140,1050,0,0
BRDA:140,1050,1,0
BRDA:140,1051,0,0
BRDA:140,1051,1,0
BRDA:140,1052,0,0
BRDA:140,1052,1,0
BRDA:140,1053,0,0
BRDA:140,1053,1,0
BRDA:140,1054,0,0
BRDA:140,1054,1,0
BRDA:140,1055,0,0
BRDA:140,1055,1,0
BRDA:141,1056,0,0
BRDA:141,1056,1,0
BRDA:141,1057,0,0
BRDA:141,1057,1,0
BRDA:141,1058,0,0
BRDA:141,1058,1,0
BRDA:141,1059,0,0
BRDA:141,1059,1,0
BRDA:141,1060,0,0
BRDA:141,1060,1,0
BRDA:141,1061,0,0
BRDA:141,1061,1,0
BRDA:141,1062,0,0
BRDA:141,1062,1,0
BRDA:141,1063,0,0
BRDA:141,1063,1,0
BRDA:142,1064,0,0
BRDA:142,1064,1,0
BRDA:142,1065,0,0
BRDA:142,1065,1,0
BRDA:142,1066,0,0
BRDA:142,1066,1,0
BRDA:142,1067,0,0
BRDA:142,1067,1,0
BRDA:142,1068,0,0
BRDA:142,1068,1,0
BRDA:142,1069,0,0
BRDA:142,1069,1,0
BRDA:142,1070,0,0
BRDA:142,1070,1,0
BRDA:142,1071,0,0
BRDA:142,1071,1,0
BRDA:142,1072,0,0
BRDA:142,1072,1,0
BRDA:143,1073,0,0
BRDA:143,1073,1,0
BRDA:143,1074,0,0
BRDA:143,1074,1,0
BRDA:143,1075,0,0
BRDA:143,1075,1,0
BRDA:144,1076,0,0
BRDA:144,1076,1,0
BRDA:145,1077,0,0
BRDA:145,1077,1,0
BRDA:145,1078,0,0
BRDA:145,1078,1,0
BRDA:146,1079,0,0
BRDA:146,1079,1,0
BRDA:146,1080,0,0
BRDA:146,1080,1,0
BRDA:146,1081,0,0
BRDA:146,1081,1,0
BRDA:146,1082,0,0
BRDA:146,1082,1,0
BRDA:146,1083,0,0
BRDA:146,1083,1,0
BRDA:146,1084,0,0
BRDA:146,1084,1,0
BRDA:146,1085,0,0
BRDA:146,1085,1,0
BRDA:146,1086,0,0
BRDA:146,1086,1,0
BRDA:146,1087,0,0
BRDA:146,1087,1,0
BRDA:146,1088,0,0
BRDA:146,1088,1,0
BRDA:147,1089,0,0
BRDA:147,1089,1,0
BRDA:147,1090,0,0
BRDA:147,1090,1,0
BRDA:147,1091,0,0
BRDA:147,1091,1,0
BRDA:147,1092,0,0
BRDA:147,1092,1,0
BRDA:147,1093,0,0
BRDA:147,1093,1,0
BRDA:147,1094,0,0
BRDA:147,1094,1,0
BRDA:147,1095,0,0
BRDA:147,1095,1,0
BRDA:147,1096,0,0
BRDA:147,1096,1,0
BRDA:147,1097,0,0
BRDA:147,1097,1,0
BRDA:147,1098,0,0
BRDA:147,1098,1,0
BRDA:147,1099,0,0
BRDA:147,1099,1,0
BRDA:147,1100,0,0
BRDA:147,1100,1,0
BRDA:147,1101,0,0
BRDA:147,1101,1,0
BRDA:148,1102,0,0
BRDA:148,1102,1,0
BRDA:148,1103,0,0
BRDA:148,1103,1,0
BRDA:148,1104,0,0
BRDA:148,1104,1,0
BRDA:148,1105,0,0
BRDA:148,1105,1,0
BRDA:148,1106,0,0
BRDA:148,1106,1,0
BRDA:148,1107,0,0
BRDA:148,1107,1,0
BRDA:148,1108,0,0
BRDA:148,1108,1,0
BRDA:148,1109,0,0
BRDA:148,1109,1,0
BRDA:148,1110,0,0
BRDA:148,1110,1,0
BRDA:148,1111,0,0
BRDA:148,1111,1,0
BRDA:148,1112,0,0
BRDA:148,1112,1,0
BRDA:148,1112,2,0
BRDA:148,1113,0,0
BRDA:148,1113,1,0
BRDA:148,1114,0,0
BRDA:148,1114,1,0
BRDA:149,1115,0,0
BRDA:149,1115,1,0
BRDA:149,1116,0,0
BRDA:149,1116,1,0
BRDA:149,1117,0,0
BRDA:149,1117,1,0
BRDA:149,1118,0,0
BRDA:149,1118,1,0
BRDA:149,1119,0,0
BRDA:149,1119,1,0
BRDA:149,1120,0,0
BRDA:149,1120,1,0
BRDA:149,1121,0,0
BRDA:149,1121,1,0
BRDA:149,1122,0,0
BRDA:149,1122,1,0
BRDA:149,1123,0,0
BRDA:149,1123,1,0
BRDA:149,1124,0,0
BRDA:149,1124,1,0
BRDA:149,1125,0,0
BRDA:149,1125,1,0
BRDA:149,1126,0,0
BRDA:149,1126,1,0
BRDA:150,1127,0,0
BRDA:150,1127,1,0
BRDA:150,1128,0,0
BRDA:150,1128,1,0
BRDA:150,1128,2,0
BRDA:150,1129,0,0
BRDA:150,1129,1,0
BRDA:150,1130,0,0
BRDA:150,1130,1,0
BRDA:150,1131,0,0
BRDA:150,1131,1,0
BRDA:150,1132,0,0
BRDA:150,1132,1,0
BRDA:150,1133,0,0
BRDA:150,1133,1,0
BRDA:150,1133,2,0
BRDA:150,1133,3,0
BRDA:151,1134,0,0
BRDA:151,1134,1,0
BRDA:151,1135,0,0
BRDA:151,1135,1,0
BRDA:151,1136,0,0
BRDA:151,1136,1,0
BRDA:151,1136,2,0
BRDA:151,1137,0,0
BRDA:151,1137,1,0
BRDA:151,1137,2,0
BRDA:151,1138,0,0
BRDA:151,1138,1,0
BRDA:152,1139,0,0
BRDA:152,1139,1,0
BRDA:152,1140,0,0
BRDA:152,1140,1,0
BRDA:152,1141,0,0
BRDA:152,1141,1,0
BRDA:152,1142,0,0
BRDA:152,1142,1,0
BRDA:152,1143,0,0
BRDA:152,1143,1,0
BRDA:152,1144,0,0
BRDA:152,1144,1,0
BRDA:152,1145,0,0
BRDA:152,1145,1,0
BRDA:152,1146,0,0
BRDA:152,1146,1,0
BRDA:152,1147,0,0
BRDA:152,1147,1,0
BRDA:153,1148,0,0
BRDA:153,1148,1,0
BRDA:153,1149,0,0
BRDA:153,1149,1,0
BRDA:153,1150,0,0
BRDA:153,1150,1,0
BRDA:153,1151,0,0
BRDA:153,1151,1,0
BRDA:153,1152,0,0
BRDA:153,1152,1,0
BRDA:153,1153,0,0
BRDA:153,1153,1,0
BRDA:154,1154,0,0
BRDA:154,1154,1,0
BRDA:154,1155,0,0
BRDA:154,1155,1,0
BRDA:155,1156,0,0
BRDA:155,1156,1,0
BRDA:155,1157,0,0
BRDA:155,1157,1,0
BRDA:155,1158,0,0
BRDA:155,1158,1,0
BRDA:155,1159,0,0
BRDA:155,1159,1,0
BRDA:155,1159,2,0
BRDA:155,1160,0,0
BRDA:155,1160,1,0
BRDA:155,1161,0,0
BRDA:155,1161,1,0
BRDA:155,1162,0,0
BRDA:155,1162,1,0
BRDA:155,1163,0,0
BRDA:155,1163,1,0
BRDA:155,1164,0,0
BRDA:155,1164,1,0
BRDA:156,1165,0,0
BRDA:156,1165,1,0
BRDA:156,1166,0,0
BRDA:156,1166,1,0
BRDA:156,1167,0,0
BRDA:156,1167,1,0
BRDA:156,1168,0,0
BRDA:156,1168,1,0
BRDA:156,1169,0,0
BRDA:156,1169,1,0
BRDA:156,1170,0,0
BRDA:156,1170,1,0
BRDA:157,1171,0,0
BRDA:157,1171,1,0
BRDA:157,1171,2,0
BRDA:157,1172,0,0
BRDA:157,1172,1,0
BRDA:157,1173,0,0
BRDA:157,1173,1,0
BRDA:157,1174,0,0
BRDA:157,1174,1,0
BRDA:157,1175,0,0
BRDA:157,1175,1,0
BRDA:157,1175,2,0
BRDA:157,1176,0,0
BRDA:157,1176,1,0
BRDA:157,1177,0,0
BRDA:157,1177,1,0
BRDA:157,1178,0,0
BRDA:157,1178,1,0
BRDA:157,1179,0,0
BRDA:157,1179,1,0
BRDA:158,1180,0,0
BRDA:158,1180,1,0
BRDA:158,1181,0,0
BRDA:158,1181,1,0
BRDA:158,1182,0,0
BRDA:158,1182,1,0
BRDA:158,1183,0,0
BRDA:158,1183,1,0
BRDA:158,1184,0,0
BRDA:158,1184,1,0
BRDA:159,1185,0,0
BRDA:159,1185,1,0
BRDA:160,1186,0,0
BRDA:160,1186,1,0
BRDA:160,1187,0,0
BRDA:160,1187,1,0
BRDA:160,1188,0,0
BRDA:160,1188,1,0
BRDA:160,1189,0,0
BRDA:160,1189,1,0
BRDA:160,1189,2,0
BRDA:161,1190,0,0
BRDA:161,1190,1,0
BRDA:161,1191,0,0
BRDA:161,1191,1,0
BRDA:161,1192,0,0
BRDA:161,1192,1,0
BRDA:161,1193,0,0
BRDA:161,1193,1,0
BRDA:161,1194,0,0
BRDA:161,1194,1,0
BRDA:161,1195,0,0
BRDA:161,1195,1,0
BRDA:162,1196,0,0
BRDA:162,1196,1,0
BRDA:162,1197,0,0
BRDA:162,1197,1,0
BRDA:162,1198,0,0
BRDA:162,1198,1,0
BRDA:162,1199,0,0
BRDA:162,1199,1,0
BRDA:162,1199,2,0
BRDA:162,1199,3,0
BRDA:162,1199,4,0
BRDA:162,1199,5,0
BRDA:162,1200,0,0
BRDA:162,1200,1,0
BRDA:162,1200,2,0
BRDA:162,1200,3,0
BRDA:162,1200,4,0
BRDA:162,1200,5,0
BRDA:163,1201,0,0
BRDA:163,1201,1,0
BRDA:163,1201,2,0
BRDA:163,1202,0,0
BRDA:163,1202,1,0
BRDA:163,1203,0,0
BRDA:163,1203,1,0
BRDA:163,1204,0,0
BRDA:163,1204,1,0
BRDA:163,1205,0,0
BRDA:163,1205,1,0
BRDA:163,1206,0,0
BRDA:163,1206,1,0
BRDA:163,1207,0,0
BRDA:163,1207,1,0
BRDA:163,1208,0,0
BRDA:163,1208,1,0
BRDA:163,1209,0,0
BRDA:163,1209,1,0
BRDA:163,1209,2,0
BRDA:163,1209,3,0
BRDA:164,1210,0,0
BRDA:164,1210,1,0
BRDA:164,1211,0,0
BRDA:164,1211,1,0
BRDA:164,1211,2,0
BRDA:164,1211,3,0
BRDA:164,1212,0,0
BRDA:164,1212,1,0
BRDA:164,1213,0,0
BRDA:164,1213,1,0
BRDA:164,1213,2,0
BRDA:164,1214,0,0
BRDA:164,1214,1,0
BRDA:164,1215,0,0
BRDA:164,1215,1,0
BRDA:165,1216,0,0
BRDA:165,1216,1,0
BRDA:165,1217,0,0
BRDA:165,1217,1,0
BRDA:165,1218,0,0
BRDA:165,1218,1,0
BRDA:165,1219,0,0
BRDA:165,1219,1,0
BRDA:166,1220,0,0
BRDA:166,1220,1,0
BRDA:166,1221,0,0
BRDA:166,1221,1,0
BRDA:166,1222,0,0
BRDA:166,1222,1,0
BRDA:166,1223,0,0
BRDA:166,1223,1,0
BRDA:166,1224,0,0
BRDA:166,1224,1,0
BRDA:166,1225,0,0
BRDA:166,1225,1,0
BRDA:167,1226,0,0
BRDA:167,1226,1,0
BRDA:167,1227,0,0
BRDA:167,1227,1,0
BRDA:167,1228,0,0
BRDA:167,1228,1,0
BRDA:167,1229,0,0
BRDA:167,1229,1,0
BRDA:168,1230,0,0
BRDA:168,1230,1,0
BRDA:168,1231,0,0
BRDA:168,1231,1,0
BRDA:168,1232,0,0
BRDA:168,1232,1,0
BRDA:168,1233,0,0
BRDA:168,1233,1,0
BRDA:168,1234,0,0
BRDA:168,1234,1,0
BRDA:169,1235,0,0
BRDA:169,1235,1,0
BRDA:169,1236,0,0
BRDA:169,1236,1,0
BRDA:169,1237,0,0
BRDA:169,1237,1,0
BRDA:169,1237,2,0
BRDA:169,1237,3,0
BRDA:169,1237,4,0
BRDA:169,1238,0,0
BRDA:169,1238,1,0
BRDA:169,1238,2,0
BRDA:169,1238,3,0
BRDA:169,1239,0,0
BRDA:169,1239,1,0
BRDA:169,1240,0,0
BRDA:169,1240,1,0
BRDA:169,1241,0,0
BRDA:169,1241,1,0
BRDA:170,1242,0,0
BRDA:170,1242,1,0
BRDA:170,1242,2,0
BRDA:170,1243,0,0
BRDA:170,1243,1,0
BRDA:170,1244,0,0
BRDA:170,1244,1,0
BRDA:170,1245,0,0
BRDA:170,1245,1,0
BRDA:170,1245,2,0
BRDA:170,1246,0,0
BRDA:170,1246,1,0
BRDA:170,1247,0,0
BRDA:170,1247,1,0
BRDA:170,1248,0,0
BRDA:170,1248,1,0
BRDA:171,1249,0,0
BRDA:171,1249,1,0
BRDA:171,1250,0,0
BRDA:171,1250,1,0
BRDA:171,1251,0,0
BRDA:171,1251,1,0
BRDA:172,1252,0,0
BRDA:172,1252,1,0
BRDA:172,1253,0,0
BRDA:172,1253,1,0
BRDA:172,1254,0,0
BRDA:172,1254,1,0
BRDA:172,1255,0,0
BRDA:172,1255,1,0
BRDA:173,1256,0,0
BRDA:173,1256,1,0
BRDA:173,1257,0,0
BRDA:173,1257,1,0
BRDA:174,1258,0,0
BRDA:174,1258,1,0
BRDA:174,1259,0,0
BRDA:174,1259,1,0
BRDA:174,1260,0,0
BRDA:174,1260,1,0
BRDA:174,1261,0,0
BRDA:174,1261,1,0
BRDA:175,1262,0,0
BRDA:175,1262,1,0
BRDA:175,1263,0,0
BRDA:175,1263,1,0
BRDA:175,1263,2,0
BRDA:175,1263,3,0
BRDA:175,1264,0,0
BRDA:175,1264,1,0
BRDA:175,1265,0,0
BRDA:175,1265,1,0
BRDA:175,1266,0,0
BRDA:175,1266,1,0
BRDA:176,1267,0,0
BRDA:176,1267,1,0
BRDA:176,1268,0,0
BRDA:176,1268,1,0
BRDA:176,1269,0,0
BRDA:176,1269,1,0
BRDA:176,1270,0,0
BRDA:176,1270,1,0
BRDA:176,1270,2,0
BRDA:176,1270,3,0
BRDA:176,1271,0,0
BRDA:176,1271,1,0
BRDA:176,1272,0,0
BRDA:176,1272,1,0
BRDA:176,1273,0,0
BRDA:176,1273,1,0
BRDA:176,1274,0,0
BRDA:176,1274,1,0
BRDA:177,1275,0,0
BRDA:177,1275,1,0
BRDA:177,1276,0,0
BRDA:177,1276,1,0
BRDA:177,1277,0,0
BRDA:177,1277,1,0
BRDA:177,1278,0,0
BRDA:177,1278,1,0
BRDA:178,1279,0,0
BRDA:178,1279,1,0
BRDA:179,1280,0,0
BRDA:179,1280,1,0
BRDA:179,1281,0,0
BRDA:179,1281,1,0
BRDA:179,1282,0,0
BRDA:179,1282,1,0
BRDA:179,1283,0,0
BRDA:179,1283,1,0
BRDA:179,1283,2,0
BRDA:179,1284,0,0
BRDA:179,1284,1,0
BRDA:179,1285,0,0
BRDA:179,1285,1,0
BRDA:179,1285,2,0
BRDA:179,1286,0,0
BRDA:179,1286,1,0
BRDA:180,1287,0,0
BRDA:180,1287,1,0
BRDA:180,1288,0,0
BRDA:180,1288,1,0
BRDA:180,1289,0,0
BRDA:180,1289,1,0
BRDA:180,1289,2,0
BRDA:181,1290,0,0
BRDA:181,1290,1,0
BRDA:181,1291,0,0
BRDA:181,1291,1,0
BRDA:181,1291,2,0
BRDA:181,1292,0,0
BRDA:181,1292,1,0
BRDA:181,1293,0,0
BRDA:181,1293,1,0
BRDA:181,1294,0,0
BRDA:181,1294,1,0
BRDA:182,1295,0,0
BRDA:182,1295,1,0
BRDA:182,1296,0,0
BRDA:182,1296,1,0
BRDA:182,1297,0,0
BRDA:182,1297,1,0
BRDA:182,1298,0,0
BRDA:182,1298,1,0
BRDA:182,1299,0,0
BRDA:182,1299,1,0
BRDA:182,1300,0,0
BRDA:182,1300,1,0
BRDA:183,1301,0,0
BRDA:183,1301,1,0
BRDA:183,1302,0,0
BRDA:183,1302,1,0
BRDA:183,1303,0,0
BRDA:183,1303,1,0
BRDA:183,1304,0,0
BRDA:183,1304,1,0
BRDA:183,1305,0,0
BRDA:183,1305,1,0
BRDA:183,1306,0,0
BRDA:183,1306,1,0
BRDA:183,1307,0,0
BRDA:183,1307,1,0
BRDA:183,1308,0,0
BRDA:183,1308,1,0
BRDA:184,1309,0,0
BRDA:184,1309,1,0
BRDA:184,1310,0,0
BRDA:184,1310,1,0
BRDA:184,1311,0,0
BRDA:184,1311,1,0
BRDA:184,1312,0,0
BRDA:184,1312,1,0
BRDA:185,1313,0,0
BRDA:185,1313,1,0
BRDA:185,1314,0,0
BRDA:185,1314,1,0
BRDA:185,1315,0,0
BRDA:185,1315,1,0
BRDA:186,1316,0,0
BRDA:186,1316,1,0
BRDA:186,1317,0,0
BRDA:186,1317,1,0
BRDA:186,1318,0,0
BRDA:186,1318,1,0
BRDA:186,1319,0,0
BRDA:186,1319,1,0
BRDA:186,1320,0,0
BRDA:186,1320,1,0
BRDA:187,1321,0,0
BRDA:187,1321,1,0
BRDA:187,1322,0,0
BRDA:187,1322,1,0
BRDA:187,1322,2,0
BRDA:187,1322,3,0
BRDA:187,1323,0,0
BRDA:187,1323,1,0
BRDA:187,1324,0,0
BRDA:187,1324,1,0
BRDA:187,1325,0,0
BRDA:187,1325,1,0
BRDA:187,1326,0,0
BRDA:187,1326,1,0
BRDA:187,1327,0,0
BRDA:187,1327,1,0
BRDA:188,1328,0,0
BRDA:188,1328,1,0
BRDA:188,1329,0,0
BRDA:188,1329,1,0
BRDA:188,1330,0,0
BRDA:188,1330,1,0
BRDA:188,1331,0,0
BRDA:188,1331,1,0
BRDA:189,1332,0,0
BRDA:189,1332,1,0
BRDA:189,1333,0,0
BRDA:189,1333,1,0
BRDA:189,1334,0,0
BRDA:189,1334,1,0
BRDA:189,1335,0,0
BRDA:189,1335,1,0
BRDA:190,1336,0,0
BRDA:190,1336,1,0
BRDA:190,1336,2,0
BRDA:190,1336,3,0
BRDA:190,1337,0,0
BRDA:190,1337,1,0
BRDA:190,1338,0,0
BRDA:190,1338,1,0
BRDA:190,1339,0,0
BRDA:190,1339,1,0
BRDA:190,1340,0,0
BRDA:190,1340,1,0
BRDA:190,1341,0,0
BRDA:190,1341,1,0
BRDA:191,1342,0,0
BRDA:191,1342,1,0
BRDA:191,1343,0,0
BRDA:191,1343,1,0
BRDA:192,1344,0,0
BRDA:192,1344,1,0
BRDA:192,1345,0,0
BRDA:192,1345,1,0
BRDA:193,1346,0,0
BRDA:193,1346,1,0
BRDA:193,1347,0,0
BRDA:193,1347,1,0
BRDA:193,1348,0,0
BRDA:193,1348,1,0
BRDA:194,1349,0,0
BRDA:194,1349,1,0
BRDA:194,1350,0,0
BRDA:194,1350,1,0
BRDA:194,1351,0,0
BRDA:194,1351,1,0
BRDA:194,1352,0,0
BRDA:194,1352,1,0
BRDA:194,1353,0,0
BRDA:194,1353,1,0
BRDA:194,1354,0,0
BRDA:194,1354,1,0
BRDA:194,1355,0,0
BRDA:194,1355,1,0
BRDA:195,1356,0,0
BRDA:195,1356,1,0
BRDA:195,1356,2,0
BRDA:195,1356,3,0
BRDA:195,1357,0,0
BRDA:195,1357,1,0
BRDA:195,1358,0,0
BRDA:195,1358,1,0
BRDA:195,1359,0,0
BRDA:195,1359,1,0
BRDA:196,1360,0,0
BRDA:196,1360,1,0
BRDA:196,1361,0,0
BRDA:196,1361,1,0
BRDA:196,1362,0,0
BRDA:196,1362,1,0
BRDA:196,1363,0,0
BRDA:196,1363,1,0
BRDA:197,1364,0,0
BRDA:197,1364,1,0
BRDA:197,1365,0,0
BRDA:197,1365,1,0
BRDA:197,1366,0,0
BRDA:197,1366,1,0
BRDA:197,1367,0,0
BRDA:197,1367,1,0
BRDA:197,1368,0,0
BRDA:197,1368,1,0
BRDA:198,1369,0,0
BRDA:198,1369,1,0
BRDA:198,1370,0,0
BRDA:198,1370,1,0
BRDA:198,1371,0,0
BRDA:198,1371,1,0
BRDA:198,1372,0,0
BRDA:198,1372,1,0
BRDA:198,1373,0,0
BRDA:198,1373,1,0
BRDA:198,1374,0,0
BRDA:198,1374,1,0
BRDA:198,1374,2,0
BRDA:198,1375,0,0
BRDA:198,1375,1,0
BRDA:198,1376,0,0
BRDA:198,1376,1,0
BRDA:199,1377,0,0
BRDA:199,1377,1,0
BRDA:199,1378,0,0
BRDA:199,1378,1,0
BRDA:199,1378,2,0
BRDA:199,1379,0,0
BRDA:199,1379,1,0
BRDA:199,1380,0,0
BRDA:199,1380,1,0
BRDA:199,1381,0,0
BRDA:199,1381,1,0
BRDA:199,1382,0,0
BRDA:199,1382,1,0
BRDA:199,1383,0,0
BRDA:199,1383,1,0
BRDA:199,1384,0,0
BRDA:199,1384,1,0
BRDA:200,1385,0,0
BRDA:200,1385,1,0
BRDA:200,1386,0,0
BRDA:200,1386,1,0
BRDA:200,1387,0,0
BRDA:200,1387,1,0
BRDA:200,1388,0,0
BRDA:200,1388,1,0
BRDA:200,1389,0,0
BRDA:200,1389,1,0
BRDA:201,1390,0,0
BRDA:201,1390,1,0
BRDA:201,1390,2,0
BRDA:201,1391,0,0
BRDA:201,1391,1,0
BRDA:201,1392,0,0
BRDA:201,1392,1,0
BRDA:202,1393,0,0
BRDA:202,1393,1,0
BRDA:202,1394,0,0
BRDA:202,1394,1,0
BRDA:202,1395,0,0
BRDA:202,1395,1,0
BRDA:202,1396,0,0
BRDA:202,1396,1,0
BRDA:203,1397,0,0
BRDA:203,1397,1,0
BRDA:203,1398,0,0
BRDA:203,1398,1,0
BRDA:204,1399,0,0
BRDA:204,1399,1,0
BRDA:204,1400,0,0
BRDA:204,1400,1,0
BRDA:204,1401,0,0
BRDA:204,1401,1,0
BRDA:204,1402,0,0
BRDA:204,1402,1,0
BRDA:205,1403,0,0
BRDA:205,1403,1,0
BRDA:205,1404,0,0
BRDA:205,1404,1,0
BRDA:205,1405,0,0
BRDA:205,1405,1,0
BRDA:205,1406,0,0
BRDA:205,1406,1,0
BRDA:205,1407,0,0
BRDA:205,1407,1,0
BRDA:205,1408,0,0
BRDA:205,1408,1,0
BRDA:206,1409,0,0
BRDA:206,1409,1,0
BRDA:206,1410,0,0
BRDA:206,1410,1,0
BRDA:206,1411,0,0
BRDA:206,1411,1,0
BRDA:206,1412,0,0
BRDA:206,1412,1,0
BRDA:206,1413,0,0
BRDA:206,1413,1,0
BRDA:206,1414,0,0
BRDA:206,1414,1,0
BRDA:206,1415,0,0
BRDA:206,1415,1,0
BRDA:207,1416,0,0
BRDA:207,1416,1,0
BRDA:207,1417,0,0
BRDA:207,1417,1,0
BRDA:207,1418,0,0
BRDA:207,1418,1,0
BRDA:207,1419,0,0
BRDA:207,1419,1,0
BRDA:207,1420,0,0
BRDA:207,1420,1,0
BRDA:207,1421,0,0
BRDA:207,1421,1,0
BRDA:207,1422,0,0
BRDA:207,1422,1,0
BRDA:207,1423,0,0
BRDA:207,1423,1,0
BRDA:207,1424,0,0
BRDA:207,1424,1,0
BRDA:207,1425,0,0
BRDA:207,1425,1,0
BRDA:207,1426,0,0
BRDA:207,1426,1,0
BRDA:207,1427,0,0
BRDA:207,1427,1,0
BRDA:207,1428,0,0
BRDA:207,1428,1,0
BRDA:207,1429,0,0
BRDA:207,1429,1,0
BRDA:207,1430,0,0
BRDA:207,1430,1,0
BRDA:207,1431,0,0
BRDA:207,1431,1,0
BRDA:208,1432,0,0
BRDA:208,1432,1,0
BRDA:208,1433,0,0
BRDA:208,1433,1,0
BRDA:208,1434,0,0
BRDA:208,1434,1,0
BRDA:208,1435,0,0
BRDA:208,1435,1,0
BRDA:208,1436,0,0
BRDA:208,1436,1,0
BRDA:208,1437,0,0
BRDA:208,1437,1,0
BRDA:208,1438,0,0
BRDA:208,1438,1,0
BRDA:208,1439,0,0
BRDA:208,1439,1,0
BRDA:209,1440,0,0
BRDA:209,1440,1,0
BRDA:209,1441,0,0
BRDA:209,1441,1,0
BRDA:209,1442,0,0
BRDA:209,1442,1,0
BRDA:209,1443,0,0
BRDA:209,1443,1,0
BRDA:209,1444,0,0
BRDA:209,1444,1,0
BRDA:209,1445,0,0
BRDA:209,1445,1,0
BRDA:209,1446,0,0
BRDA:209,1446,1,0
BRDA:209,1447,0,0
BRDA:209,1447,1,0
BRDA:209,1448,0,0
BRDA:209,1448,1,0
BRDA:209,1449,0,0
BRDA:209,1449,1,0
BRDA:209,1450,0,0
BRDA:209,1450,1,0
BRDA:209,1451,0,0
BRDA:209,1451,1,0
BRDA:209,1452,0,0
BRDA:209,1452,1,0
BRDA:210,1453,0,0
BRDA:210,1453,1,0
BRDA:210,1454,0,0
BRDA:210,1454,1,0
BRDA:210,1455,0,0
BRDA:210,1455,1,0
BRDA:210,1456,0,0
BRDA:210,1456,1,0
BRDA:210,1457,0,0
BRDA:210,1457,1,0
BRDA:210,1458,0,0
BRDA:210,1458,1,0
BRDA:210,1458,2,0
BRDA:210,1459,0,0
BRDA:210,1459,1,0
BRDA:210,1460,0,0
BRDA:210,1460,1,0
BRDA:211,1461,0,0
BRDA:211,1461,1,0
BRDA:211,1462,0,0
BRDA:211,1462,1,0
BRDA:211,1463,0,0
BRDA:211,1463,1,0
BRDA:211,1464,0,0
BRDA:211,1464,1,0
BRDA:211,1465,0,0
BRDA:211,1465,1,0
BRDA:211,1466,0,0
BRDA:211,1466,1,0
BRDA:211,1467,0,0
BRDA:211,1467,1,0
BRDA:211,1468,0,0
BRDA:211,1468,1,0
BRDA:211,1469,0,0
BRDA:211,1469,1,0
BRDA:211,1470,0,0
BRDA:211,1470,1,0
BRDA:212,1471,0,0
BRDA:212,1471,1,0
BRDA:212,1472,0,0
BRDA:212,1472,1,0
BRDA:212,1473,0,0
BRDA:212,1473,1,0
BRDA:212,1474,0,0
BRDA:212,1474,1,0
BRDA:213,1475,0,0
BRDA:213,1475,1,0
BRF:3167
BRH:0
end_of_record
